[29-Sep-2022 15:35:09 Europe/Paris] PHP ParseError:  Unclosed '(' in  on line 1
[29-Sep-2022 15:35:09 Europe/Paris] PHP Stack trace:
[29-Sep-2022 15:35:09 Europe/Paris] PHP   1. {main}() D:\work-dir\pdo-helper\vendor\bin\phpcs:0
[29-Sep-2022 15:35:09 Europe/Paris] PHP   2. include() D:\work-dir\pdo-helper\vendor\bin\phpcs:120
[29-Sep-2022 15:35:09 Europe/Paris] PHP   3. PHP_CodeSniffer\Runner->runPHPCS() D:\work-dir\pdo-helper\vendor\squizlabs\php_codesniffer\bin\phpcs:18
[29-Sep-2022 15:35:09 Europe/Paris] PHP   4. PHP_CodeSniffer\Runner->init() D:\work-dir\pdo-helper\vendor\squizlabs\php_codesniffer\src\Runner.php:70
[29-Sep-2022 15:35:09 Europe/Paris] PHP   5. PHP_CodeSniffer\Ruleset->__construct($config = class PHP_CodeSniffer\Config { private $settings = ['files' => [...], 'standards' => [...], 'verbosity' => 0, 'interactive' => FALSE, 'parallel' => 75, 'cache' => FALSE, 'cacheFile' => NULL, 'colors' => TRUE, 'explain' => FALSE, 'local' => FALSE, 'showSources' => FALSE, 'showProgress' => TRUE, 'quiet' => FALSE, 'annotations' => TRUE, 'tabWidth' => 4, 'encoding' => 'utf-8', 'extensions' => [...], 'sniffs' => [...], 'exclude' => [...], 'ignored' => [...], 'reportFile' => NULL, 'generator' => NULL, 'filter' => NULL, 'bootstrap' => [...], 'reports' => [...], 'basepath' => NULL, 'reportWidth' => 0, 'errorSeverity' => 5, 'warningSeverity' => 0, 'recordErrors' => TRUE, 'suffix' => '', 'stdin' => FALSE, 'stdinContent' => NULL, 'stdinPath' => NULL, 'unknown' => [...]]; public $dieOnUnknownArg = TRUE; private $cliArgs = [0 => '--colors', 1 => '--parallel=75', 2 => '-np', 3 => 'src', 4 => 'test'] }) D:\work-dir\pdo-helper\vendor\squizlabs\php_codesniffer\src\Runner.php:332
[29-Sep-2022 15:35:09 Europe/Paris] PHP   6. PHP_CodeSniffer\Ruleset->populateTokenListeners() D:\work-dir\pdo-helper\vendor\squizlabs\php_codesniffer\src\Ruleset.php:218
[29-Sep-2022 15:35:09 Europe/Paris] PHP   7. PHP_CodeSniffer\Sniffs\AbstractPatternSniff->register() D:\work-dir\pdo-helper\vendor\squizlabs\php_codesniffer\src\Ruleset.php:1231
[29-Sep-2022 15:35:09 Europe/Paris] PHP   8. PHP_CodeSniffer\Sniffs\AbstractPatternSniff->parse($pattern = 'function abc(...);') D:\work-dir\pdo-helper\vendor\squizlabs\php_codesniffer\src\Sniffs\AbstractPatternSniff.php:90
[29-Sep-2022 15:35:09 Europe/Paris] PHP   9. PHP_CodeSniffer\Sniffs\AbstractPatternSniff->createTokenPattern($str = '(') D:\work-dir\pdo-helper\vendor\squizlabs\php_codesniffer\src\Sniffs\AbstractPatternSniff.php:824
[29-Sep-2022 15:35:09 Europe/Paris] PHP  10. PHP_CodeSniffer\Tokenizers\Tokenizer->__construct($content = '<?php (?>', $config = NULL, $eolChar = *uninitialized*) D:\work-dir\pdo-helper\vendor\squizlabs\php_codesniffer\src\Sniffs\AbstractPatternSniff.php:916
[29-Sep-2022 15:35:09 Europe/Paris] PHP  11. PHP_CodeSniffer\Tokenizers\PHP->tokenize($string = '<?php (?>') D:\work-dir\pdo-helper\vendor\squizlabs\php_codesniffer\src\Tokenizers\Tokenizer.php:90
[29-Sep-2022 15:35:09 Europe/Paris] PHP  12. token_get_all($code = '<?php (?>') D:\work-dir\pdo-helper\vendor\squizlabs\php_codesniffer\src\Tokenizers\PHP.php:522
[29-Sep-2022 15:35:09 Europe/Paris] PHP ParseError:  Unclosed '(' in  on line 1
[29-Sep-2022 15:35:09 Europe/Paris] PHP Stack trace:
[29-Sep-2022 15:35:09 Europe/Paris] PHP   1. {main}() D:\work-dir\pdo-helper\vendor\bin\phpcs:0
[29-Sep-2022 15:35:09 Europe/Paris] PHP   2. include() D:\work-dir\pdo-helper\vendor\bin\phpcs:120
[29-Sep-2022 15:35:10 Europe/Paris] PHP   3. PHP_CodeSniffer\Runner->runPHPCS() D:\work-dir\pdo-helper\vendor\squizlabs\php_codesniffer\bin\phpcs:18
[29-Sep-2022 15:35:10 Europe/Paris] PHP   4. PHP_CodeSniffer\Runner->init() D:\work-dir\pdo-helper\vendor\squizlabs\php_codesniffer\src\Runner.php:70
[29-Sep-2022 15:35:10 Europe/Paris] PHP   5. PHP_CodeSniffer\Ruleset->__construct($config = class PHP_CodeSniffer\Config { private $settings = ['files' => [...], 'standards' => [...], 'verbosity' => 0, 'interactive' => FALSE, 'parallel' => 75, 'cache' => FALSE, 'cacheFile' => NULL, 'colors' => TRUE, 'explain' => FALSE, 'local' => FALSE, 'showSources' => FALSE, 'showProgress' => TRUE, 'quiet' => FALSE, 'annotations' => TRUE, 'tabWidth' => 4, 'encoding' => 'utf-8', 'extensions' => [...], 'sniffs' => [...], 'exclude' => [...], 'ignored' => [...], 'reportFile' => NULL, 'generator' => NULL, 'filter' => NULL, 'bootstrap' => [...], 'reports' => [...], 'basepath' => NULL, 'reportWidth' => 0, 'errorSeverity' => 5, 'warningSeverity' => 0, 'recordErrors' => TRUE, 'suffix' => '', 'stdin' => FALSE, 'stdinContent' => NULL, 'stdinPath' => NULL, 'unknown' => [...]]; public $dieOnUnknownArg = TRUE; private $cliArgs = [0 => '--colors', 1 => '--parallel=75', 2 => '-np', 3 => 'src', 4 => 'test'] }) D:\work-dir\pdo-helper\vendor\squizlabs\php_codesniffer\src\Runner.php:332
[29-Sep-2022 15:35:10 Europe/Paris] PHP   6. PHP_CodeSniffer\Ruleset->populateTokenListeners() D:\work-dir\pdo-helper\vendor\squizlabs\php_codesniffer\src\Ruleset.php:218
[29-Sep-2022 15:35:10 Europe/Paris] PHP   7. PHP_CodeSniffer\Sniffs\AbstractPatternSniff->register() D:\work-dir\pdo-helper\vendor\squizlabs\php_codesniffer\src\Ruleset.php:1231
[29-Sep-2022 15:35:10 Europe/Paris] PHP   8. PHP_CodeSniffer\Sniffs\AbstractPatternSniff->parse($pattern = 'function abc(...)') D:\work-dir\pdo-helper\vendor\squizlabs\php_codesniffer\src\Sniffs\AbstractPatternSniff.php:90
[29-Sep-2022 15:35:10 Europe/Paris] PHP   9. PHP_CodeSniffer\Sniffs\AbstractPatternSniff->createTokenPattern($str = '(') D:\work-dir\pdo-helper\vendor\squizlabs\php_codesniffer\src\Sniffs\AbstractPatternSniff.php:824
[29-Sep-2022 15:35:10 Europe/Paris] PHP  10. PHP_CodeSniffer\Tokenizers\Tokenizer->__construct($content = '<?php (?>', $config = NULL, $eolChar = *uninitialized*) D:\work-dir\pdo-helper\vendor\squizlabs\php_codesniffer\src\Sniffs\AbstractPatternSniff.php:916
[29-Sep-2022 15:35:10 Europe/Paris] PHP  11. PHP_CodeSniffer\Tokenizers\PHP->tokenize($string = '<?php (?>') D:\work-dir\pdo-helper\vendor\squizlabs\php_codesniffer\src\Tokenizers\Tokenizer.php:90
[29-Sep-2022 15:35:10 Europe/Paris] PHP  12. token_get_all($code = '<?php (?>') D:\work-dir\pdo-helper\vendor\squizlabs\php_codesniffer\src\Tokenizers\PHP.php:522
[29-Sep-2022 15:35:10 Europe/Paris] PHP ParseError:  Unclosed '(' in  on line 1
[29-Sep-2022 15:35:10 Europe/Paris] PHP Stack trace:
[29-Sep-2022 15:35:10 Europe/Paris] PHP   1. {main}() D:\work-dir\pdo-helper\vendor\bin\phpcs:0
[29-Sep-2022 15:35:10 Europe/Paris] PHP   2. include() D:\work-dir\pdo-helper\vendor\bin\phpcs:120
[29-Sep-2022 15:35:10 Europe/Paris] PHP   3. PHP_CodeSniffer\Runner->runPHPCS() D:\work-dir\pdo-helper\vendor\squizlabs\php_codesniffer\bin\phpcs:18
[29-Sep-2022 15:35:10 Europe/Paris] PHP   4. PHP_CodeSniffer\Runner->init() D:\work-dir\pdo-helper\vendor\squizlabs\php_codesniffer\src\Runner.php:70
[29-Sep-2022 15:35:10 Europe/Paris] PHP   5. PHP_CodeSniffer\Ruleset->__construct($config = class PHP_CodeSniffer\Config { private $settings = ['files' => [...], 'standards' => [...], 'verbosity' => 0, 'interactive' => FALSE, 'parallel' => 75, 'cache' => FALSE, 'cacheFile' => NULL, 'colors' => TRUE, 'explain' => FALSE, 'local' => FALSE, 'showSources' => FALSE, 'showProgress' => TRUE, 'quiet' => FALSE, 'annotations' => TRUE, 'tabWidth' => 4, 'encoding' => 'utf-8', 'extensions' => [...], 'sniffs' => [...], 'exclude' => [...], 'ignored' => [...], 'reportFile' => NULL, 'generator' => NULL, 'filter' => NULL, 'bootstrap' => [...], 'reports' => [...], 'basepath' => NULL, 'reportWidth' => 0, 'errorSeverity' => 5, 'warningSeverity' => 0, 'recordErrors' => TRUE, 'suffix' => '', 'stdin' => FALSE, 'stdinContent' => NULL, 'stdinPath' => NULL, 'unknown' => [...]]; public $dieOnUnknownArg = TRUE; private $cliArgs = [0 => '--colors', 1 => '--parallel=75', 2 => '-np', 3 => 'src', 4 => 'test'] }) D:\work-dir\pdo-helper\vendor\squizlabs\php_codesniffer\src\Runner.php:332
[29-Sep-2022 15:35:10 Europe/Paris] PHP   6. PHP_CodeSniffer\Ruleset->populateTokenListeners() D:\work-dir\pdo-helper\vendor\squizlabs\php_codesniffer\src\Ruleset.php:218
[29-Sep-2022 15:35:10 Europe/Paris] PHP   7. PHP_CodeSniffer\Sniffs\AbstractPatternSniff->register() D:\work-dir\pdo-helper\vendor\squizlabs\php_codesniffer\src\Ruleset.php:1231
[29-Sep-2022 15:35:10 Europe/Paris] PHP   8. PHP_CodeSniffer\Sniffs\AbstractPatternSniff->parse($pattern = 'abstract function abc(...);') D:\work-dir\pdo-helper\vendor\squizlabs\php_codesniffer\src\Sniffs\AbstractPatternSniff.php:90
[29-Sep-2022 15:35:10 Europe/Paris] PHP   9. PHP_CodeSniffer\Sniffs\AbstractPatternSniff->createTokenPattern($str = '(') D:\work-dir\pdo-helper\vendor\squizlabs\php_codesniffer\src\Sniffs\AbstractPatternSniff.php:824
[29-Sep-2022 15:35:10 Europe/Paris] PHP  10. PHP_CodeSniffer\Tokenizers\Tokenizer->__construct($content = '<?php (?>', $config = NULL, $eolChar = *uninitialized*) D:\work-dir\pdo-helper\vendor\squizlabs\php_codesniffer\src\Sniffs\AbstractPatternSniff.php:916
[29-Sep-2022 15:35:10 Europe/Paris] PHP  11. PHP_CodeSniffer\Tokenizers\PHP->tokenize($string = '<?php (?>') D:\work-dir\pdo-helper\vendor\squizlabs\php_codesniffer\src\Tokenizers\Tokenizer.php:90
[29-Sep-2022 15:35:10 Europe/Paris] PHP  12. token_get_all($code = '<?php (?>') D:\work-dir\pdo-helper\vendor\squizlabs\php_codesniffer\src\Tokenizers\PHP.php:522
[29-Sep-2022 15:37:41 Europe/Paris] PHP ParseError:  Unclosed '(' in  on line 1
[29-Sep-2022 15:37:41 Europe/Paris] PHP Stack trace:
[29-Sep-2022 15:37:41 Europe/Paris] PHP   1. {main}() D:\work-dir\pdo-helper\vendor\bin\phpcs:0
[29-Sep-2022 15:37:41 Europe/Paris] PHP   2. include() D:\work-dir\pdo-helper\vendor\bin\phpcs:120
[29-Sep-2022 15:37:41 Europe/Paris] PHP   3. PHP_CodeSniffer\Runner->runPHPCS() D:\work-dir\pdo-helper\vendor\squizlabs\php_codesniffer\bin\phpcs:18
[29-Sep-2022 15:37:41 Europe/Paris] PHP   4. PHP_CodeSniffer\Runner->init() D:\work-dir\pdo-helper\vendor\squizlabs\php_codesniffer\src\Runner.php:70
[29-Sep-2022 15:37:41 Europe/Paris] PHP   5. PHP_CodeSniffer\Ruleset->__construct($config = class PHP_CodeSniffer\Config { private $settings = ['files' => [...], 'standards' => [...], 'verbosity' => 0, 'interactive' => FALSE, 'parallel' => 75, 'cache' => FALSE, 'cacheFile' => NULL, 'colors' => TRUE, 'explain' => FALSE, 'local' => FALSE, 'showSources' => FALSE, 'showProgress' => TRUE, 'quiet' => FALSE, 'annotations' => TRUE, 'tabWidth' => 4, 'encoding' => 'utf-8', 'extensions' => [...], 'sniffs' => [...], 'exclude' => [...], 'ignored' => [...], 'reportFile' => NULL, 'generator' => NULL, 'filter' => NULL, 'bootstrap' => [...], 'reports' => [...], 'basepath' => NULL, 'reportWidth' => 0, 'errorSeverity' => 5, 'warningSeverity' => 0, 'recordErrors' => TRUE, 'suffix' => '', 'stdin' => FALSE, 'stdinContent' => NULL, 'stdinPath' => NULL, 'unknown' => [...]]; public $dieOnUnknownArg = TRUE; private $cliArgs = [0 => '--colors', 1 => '--parallel=75', 2 => '-np', 3 => 'src', 4 => 'test'] }) D:\work-dir\pdo-helper\vendor\squizlabs\php_codesniffer\src\Runner.php:332
[29-Sep-2022 15:37:41 Europe/Paris] PHP   6. PHP_CodeSniffer\Ruleset->populateTokenListeners() D:\work-dir\pdo-helper\vendor\squizlabs\php_codesniffer\src\Ruleset.php:218
[29-Sep-2022 15:37:41 Europe/Paris] PHP   7. PHP_CodeSniffer\Sniffs\AbstractPatternSniff->register() D:\work-dir\pdo-helper\vendor\squizlabs\php_codesniffer\src\Ruleset.php:1231
[29-Sep-2022 15:37:41 Europe/Paris] PHP   8. PHP_CodeSniffer\Sniffs\AbstractPatternSniff->parse($pattern = 'function abc(...);') D:\work-dir\pdo-helper\vendor\squizlabs\php_codesniffer\src\Sniffs\AbstractPatternSniff.php:90
[29-Sep-2022 15:37:41 Europe/Paris] PHP   9. PHP_CodeSniffer\Sniffs\AbstractPatternSniff->createTokenPattern($str = '(') D:\work-dir\pdo-helper\vendor\squizlabs\php_codesniffer\src\Sniffs\AbstractPatternSniff.php:824
[29-Sep-2022 15:37:41 Europe/Paris] PHP  10. PHP_CodeSniffer\Tokenizers\Tokenizer->__construct($content = '<?php (?>', $config = NULL, $eolChar = *uninitialized*) D:\work-dir\pdo-helper\vendor\squizlabs\php_codesniffer\src\Sniffs\AbstractPatternSniff.php:916
[29-Sep-2022 15:37:41 Europe/Paris] PHP  11. PHP_CodeSniffer\Tokenizers\PHP->tokenize($string = '<?php (?>') D:\work-dir\pdo-helper\vendor\squizlabs\php_codesniffer\src\Tokenizers\Tokenizer.php:90
[29-Sep-2022 15:37:41 Europe/Paris] PHP  12. token_get_all($code = '<?php (?>') D:\work-dir\pdo-helper\vendor\squizlabs\php_codesniffer\src\Tokenizers\PHP.php:522
[29-Sep-2022 15:37:41 Europe/Paris] PHP ParseError:  Unclosed '(' in  on line 1
[29-Sep-2022 15:37:41 Europe/Paris] PHP Stack trace:
[29-Sep-2022 15:37:41 Europe/Paris] PHP   1. {main}() D:\work-dir\pdo-helper\vendor\bin\phpcs:0
[29-Sep-2022 15:37:41 Europe/Paris] PHP   2. include() D:\work-dir\pdo-helper\vendor\bin\phpcs:120
[29-Sep-2022 15:37:41 Europe/Paris] PHP   3. PHP_CodeSniffer\Runner->runPHPCS() D:\work-dir\pdo-helper\vendor\squizlabs\php_codesniffer\bin\phpcs:18
[29-Sep-2022 15:37:41 Europe/Paris] PHP   4. PHP_CodeSniffer\Runner->init() D:\work-dir\pdo-helper\vendor\squizlabs\php_codesniffer\src\Runner.php:70
[29-Sep-2022 15:37:41 Europe/Paris] PHP   5. PHP_CodeSniffer\Ruleset->__construct($config = class PHP_CodeSniffer\Config { private $settings = ['files' => [...], 'standards' => [...], 'verbosity' => 0, 'interactive' => FALSE, 'parallel' => 75, 'cache' => FALSE, 'cacheFile' => NULL, 'colors' => TRUE, 'explain' => FALSE, 'local' => FALSE, 'showSources' => FALSE, 'showProgress' => TRUE, 'quiet' => FALSE, 'annotations' => TRUE, 'tabWidth' => 4, 'encoding' => 'utf-8', 'extensions' => [...], 'sniffs' => [...], 'exclude' => [...], 'ignored' => [...], 'reportFile' => NULL, 'generator' => NULL, 'filter' => NULL, 'bootstrap' => [...], 'reports' => [...], 'basepath' => NULL, 'reportWidth' => 0, 'errorSeverity' => 5, 'warningSeverity' => 0, 'recordErrors' => TRUE, 'suffix' => '', 'stdin' => FALSE, 'stdinContent' => NULL, 'stdinPath' => NULL, 'unknown' => [...]]; public $dieOnUnknownArg = TRUE; private $cliArgs = [0 => '--colors', 1 => '--parallel=75', 2 => '-np', 3 => 'src', 4 => 'test'] }) D:\work-dir\pdo-helper\vendor\squizlabs\php_codesniffer\src\Runner.php:332
[29-Sep-2022 15:37:41 Europe/Paris] PHP   6. PHP_CodeSniffer\Ruleset->populateTokenListeners() D:\work-dir\pdo-helper\vendor\squizlabs\php_codesniffer\src\Ruleset.php:218
[29-Sep-2022 15:37:41 Europe/Paris] PHP   7. PHP_CodeSniffer\Sniffs\AbstractPatternSniff->register() D:\work-dir\pdo-helper\vendor\squizlabs\php_codesniffer\src\Ruleset.php:1231
[29-Sep-2022 15:37:41 Europe/Paris] PHP   8. PHP_CodeSniffer\Sniffs\AbstractPatternSniff->parse($pattern = 'function abc(...)') D:\work-dir\pdo-helper\vendor\squizlabs\php_codesniffer\src\Sniffs\AbstractPatternSniff.php:90
[29-Sep-2022 15:37:41 Europe/Paris] PHP   9. PHP_CodeSniffer\Sniffs\AbstractPatternSniff->createTokenPattern($str = '(') D:\work-dir\pdo-helper\vendor\squizlabs\php_codesniffer\src\Sniffs\AbstractPatternSniff.php:824
[29-Sep-2022 15:37:41 Europe/Paris] PHP  10. PHP_CodeSniffer\Tokenizers\Tokenizer->__construct($content = '<?php (?>', $config = NULL, $eolChar = *uninitialized*) D:\work-dir\pdo-helper\vendor\squizlabs\php_codesniffer\src\Sniffs\AbstractPatternSniff.php:916
[29-Sep-2022 15:37:41 Europe/Paris] PHP  11. PHP_CodeSniffer\Tokenizers\PHP->tokenize($string = '<?php (?>') D:\work-dir\pdo-helper\vendor\squizlabs\php_codesniffer\src\Tokenizers\Tokenizer.php:90
[29-Sep-2022 15:37:41 Europe/Paris] PHP  12. token_get_all($code = '<?php (?>') D:\work-dir\pdo-helper\vendor\squizlabs\php_codesniffer\src\Tokenizers\PHP.php:522
[29-Sep-2022 15:37:41 Europe/Paris] PHP ParseError:  Unclosed '(' in  on line 1
[29-Sep-2022 15:37:41 Europe/Paris] PHP Stack trace:
[29-Sep-2022 15:37:41 Europe/Paris] PHP   1. {main}() D:\work-dir\pdo-helper\vendor\bin\phpcs:0
[29-Sep-2022 15:37:41 Europe/Paris] PHP   2. include() D:\work-dir\pdo-helper\vendor\bin\phpcs:120
[29-Sep-2022 15:37:41 Europe/Paris] PHP   3. PHP_CodeSniffer\Runner->runPHPCS() D:\work-dir\pdo-helper\vendor\squizlabs\php_codesniffer\bin\phpcs:18
[29-Sep-2022 15:37:41 Europe/Paris] PHP   4. PHP_CodeSniffer\Runner->init() D:\work-dir\pdo-helper\vendor\squizlabs\php_codesniffer\src\Runner.php:70
[29-Sep-2022 15:37:41 Europe/Paris] PHP   5. PHP_CodeSniffer\Ruleset->__construct($config = class PHP_CodeSniffer\Config { private $settings = ['files' => [...], 'standards' => [...], 'verbosity' => 0, 'interactive' => FALSE, 'parallel' => 75, 'cache' => FALSE, 'cacheFile' => NULL, 'colors' => TRUE, 'explain' => FALSE, 'local' => FALSE, 'showSources' => FALSE, 'showProgress' => TRUE, 'quiet' => FALSE, 'annotations' => TRUE, 'tabWidth' => 4, 'encoding' => 'utf-8', 'extensions' => [...], 'sniffs' => [...], 'exclude' => [...], 'ignored' => [...], 'reportFile' => NULL, 'generator' => NULL, 'filter' => NULL, 'bootstrap' => [...], 'reports' => [...], 'basepath' => NULL, 'reportWidth' => 0, 'errorSeverity' => 5, 'warningSeverity' => 0, 'recordErrors' => TRUE, 'suffix' => '', 'stdin' => FALSE, 'stdinContent' => NULL, 'stdinPath' => NULL, 'unknown' => [...]]; public $dieOnUnknownArg = TRUE; private $cliArgs = [0 => '--colors', 1 => '--parallel=75', 2 => '-np', 3 => 'src', 4 => 'test'] }) D:\work-dir\pdo-helper\vendor\squizlabs\php_codesniffer\src\Runner.php:332
[29-Sep-2022 15:37:41 Europe/Paris] PHP   6. PHP_CodeSniffer\Ruleset->populateTokenListeners() D:\work-dir\pdo-helper\vendor\squizlabs\php_codesniffer\src\Ruleset.php:218
[29-Sep-2022 15:37:41 Europe/Paris] PHP   7. PHP_CodeSniffer\Sniffs\AbstractPatternSniff->register() D:\work-dir\pdo-helper\vendor\squizlabs\php_codesniffer\src\Ruleset.php:1231
[29-Sep-2022 15:37:41 Europe/Paris] PHP   8. PHP_CodeSniffer\Sniffs\AbstractPatternSniff->parse($pattern = 'abstract function abc(...);') D:\work-dir\pdo-helper\vendor\squizlabs\php_codesniffer\src\Sniffs\AbstractPatternSniff.php:90
[29-Sep-2022 15:37:41 Europe/Paris] PHP   9. PHP_CodeSniffer\Sniffs\AbstractPatternSniff->createTokenPattern($str = '(') D:\work-dir\pdo-helper\vendor\squizlabs\php_codesniffer\src\Sniffs\AbstractPatternSniff.php:824
[29-Sep-2022 15:37:41 Europe/Paris] PHP  10. PHP_CodeSniffer\Tokenizers\Tokenizer->__construct($content = '<?php (?>', $config = NULL, $eolChar = *uninitialized*) D:\work-dir\pdo-helper\vendor\squizlabs\php_codesniffer\src\Sniffs\AbstractPatternSniff.php:916
[29-Sep-2022 15:37:41 Europe/Paris] PHP  11. PHP_CodeSniffer\Tokenizers\PHP->tokenize($string = '<?php (?>') D:\work-dir\pdo-helper\vendor\squizlabs\php_codesniffer\src\Tokenizers\Tokenizer.php:90
[29-Sep-2022 15:37:41 Europe/Paris] PHP  12. token_get_all($code = '<?php (?>') D:\work-dir\pdo-helper\vendor\squizlabs\php_codesniffer\src\Tokenizers\PHP.php:522
[29-Sep-2022 15:37:43 Europe/Paris] PHP _PHPStan_3bfe2e67c\Symfony\Component\Console\Exception\RuntimeException:  No arguments expected for "analyse" command, got "src". in phar://D:/work-dir/pdo-helper/vendor/phpstan/phpstan/phpstan.phar/vendor/symfony/console/Input/ArgvInput.php on line 170
[29-Sep-2022 15:37:43 Europe/Paris] PHP Stack trace:
[29-Sep-2022 15:37:43 Europe/Paris] PHP   1. {main}() D:\work-dir\pdo-helper\vendor\bin\phpstan:0
[29-Sep-2022 15:37:43 Europe/Paris] PHP   2. include() D:\work-dir\pdo-helper\vendor\bin\phpstan:120
[29-Sep-2022 15:37:43 Europe/Paris] PHP   3. require() D:\work-dir\pdo-helper\vendor\phpstan\phpstan\phpstan:8
[29-Sep-2022 15:37:43 Europe/Paris] PHP   4. _PHPStan_3bfe2e67c\{closure:phar://D:/work-dir/pdo-helper/vendor/phpstan/phpstan/phpstan.phar/bin/phpstan:13-125}() phar://D:/work-dir/pdo-helper/vendor/phpstan/phpstan/phpstan.phar/bin/phpstan:125
[29-Sep-2022 15:37:43 Europe/Paris] PHP   5. _PHPStan_3bfe2e67c\Symfony\Component\Console\Application->run($input = *uninitialized*, $output = *uninitialized*) phar://D:/work-dir/pdo-helper/vendor/phpstan/phpstan/phpstan.phar/bin/phpstan:124
[29-Sep-2022 15:37:43 Europe/Paris] PHP   6. _PHPStan_3bfe2e67c\Symfony\Component\Console\Application->doRun($input = class _PHPStan_3bfe2e67c\Symfony\Component\Console\Input\ArgvInput { protected $definition = class _PHPStan_3bfe2e67c\Symfony\Component\Console\Input\InputDefinition { private $arguments = [...]; private $requiredCount = 1; private $lastArrayArgument = NULL; private $lastOptionalArgument = NULL; private $options = [...]; private $negations = [...]; private $shortcuts = [...] }; protected $stream = NULL; protected $options = []; protected $arguments = ['command' => 'analyse']; protected $interactive = TRUE; private $tokens = [0 => 'analyse', 1 => 'src', 2 => '--level', 3 => '8']; private $parsed = [0 => '--level', 1 => '8'] }, $output = class _PHPStan_3bfe2e67c\Symfony\Component\Console\Output\ConsoleOutput { private ${_PHPStan_3bfe2e67c\Symfony\Component\Console\Output\Output}verbosity = 32; private ${_PHPStan_3bfe2e67c\Symfony\Component\Console\Output\Output}formatter = class _PHPStan_3bfe2e67c\Symfony\Component\Console\Formatter\OutputFormatter { private $decorated = FALSE; private $styles = [...]; private $styleStack = class _PHPStan_3bfe2e67c\Symfony\Component\Console\Formatter\OutputFormatterStyleStack { ... } }; private ${_PHPStan_3bfe2e67c\Symfony\Component\Console\Output\StreamOutput}stream = resource(2) of type (stream); private $stderr = class _PHPStan_3bfe2e67c\Symfony\Component\Console\Output\StreamOutput { private ${_PHPStan_3bfe2e67c\Symfony\Component\Console\Output\Output}verbosity = 32; private ${_PHPStan_3bfe2e67c\Symfony\Component\Console\Output\Output}formatter = class _PHPStan_3bfe2e67c\Symfony\Component\Console\Formatter\OutputFormatter { ... }; private $stream = resource(3) of type (stream) }; private $consoleSectionOutputs = [] }) phar://D:/work-dir/pdo-helper/vendor/phpstan/phpstan/phpstan.phar/vendor/symfony/console/Application.php:157
[29-Sep-2022 15:37:43 Europe/Paris] PHP   7. _PHPStan_3bfe2e67c\Symfony\Component\Console\Input\Input->bind($definition = class _PHPStan_3bfe2e67c\Symfony\Component\Console\Input\InputDefinition { private $arguments = ['command' => class _PHPStan_3bfe2e67c\Symfony\Component\Console\Input\InputArgument { ... }]; private $requiredCount = 1; private $lastArrayArgument = NULL; private $lastOptionalArgument = NULL; private $options = ['help' => class _PHPStan_3bfe2e67c\Symfony\Component\Console\Input\InputOption { ... }, 'quiet' => class _PHPStan_3bfe2e67c\Symfony\Component\Console\Input\InputOption { ... }, 'verbose' => class _PHPStan_3bfe2e67c\Symfony\Component\Console\Input\InputOption { ... }, 'version' => class _PHPStan_3bfe2e67c\Symfony\Component\Console\Input\InputOption { ... }, 'ansi' => class _PHPStan_3bfe2e67c\Symfony\Component\Console\Input\InputOption { ... }, 'no-interaction' => class _PHPStan_3bfe2e67c\Symfony\Component\Console\Input\InputOption { ... }]; private $negations = ['no-ansi' => 'ansi']; private $shortcuts = ['h' => 'help', 'q' => 'quiet', 'v' => 'verbose', 'vv' => 'verbose', 'vvv' => 'verbose', 'V' => 'version', 'n' => 'no-interaction'] }) phar://D:/work-dir/pdo-helper/vendor/phpstan/phpstan/phpstan.phar/vendor/symfony/console/Application.php:208
[29-Sep-2022 15:37:43 Europe/Paris] PHP   8. _PHPStan_3bfe2e67c\Symfony\Component\Console\Input\ArgvInput->parse() phar://D:/work-dir/pdo-helper/vendor/phpstan/phpstan/phpstan.phar/vendor/symfony/console/Input/Input.php:50
[29-Sep-2022 15:37:43 Europe/Paris] PHP   9. _PHPStan_3bfe2e67c\Symfony\Component\Console\Input\ArgvInput->parseToken($token = 'src', $parseOptions = TRUE) phar://D:/work-dir/pdo-helper/vendor/phpstan/phpstan/phpstan.phar/vendor/symfony/console/Input/ArgvInput.php:63
[29-Sep-2022 15:37:43 Europe/Paris] PHP  10. _PHPStan_3bfe2e67c\Symfony\Component\Console\Input\ArgvInput->parseArgument($token = 'src') phar://D:/work-dir/pdo-helper/vendor/phpstan/phpstan/phpstan.phar/vendor/symfony/console/Input/ArgvInput.php:77
[29-Sep-2022 15:38:10 Europe/Paris] PHP _PHPStan_3bfe2e67c\Symfony\Component\Console\Exception\CommandNotFoundException:  Command "src" is not defined. in phar://D:/work-dir/pdo-helper/vendor/phpstan/phpstan/phpstan.phar/vendor/symfony/console/Application.php on line 606
[29-Sep-2022 15:38:10 Europe/Paris] PHP Stack trace:
[29-Sep-2022 15:38:10 Europe/Paris] PHP   1. {main}() D:\work-dir\pdo-helper\vendor\bin\phpstan:0
[29-Sep-2022 15:38:10 Europe/Paris] PHP   2. include() D:\work-dir\pdo-helper\vendor\bin\phpstan:120
[29-Sep-2022 15:38:10 Europe/Paris] PHP   3. require() D:\work-dir\pdo-helper\vendor\phpstan\phpstan\phpstan:8
[29-Sep-2022 15:38:10 Europe/Paris] PHP   4. _PHPStan_3bfe2e67c\{closure:phar://D:/work-dir/pdo-helper/vendor/phpstan/phpstan/phpstan.phar/bin/phpstan:13-125}() phar://D:/work-dir/pdo-helper/vendor/phpstan/phpstan/phpstan.phar/bin/phpstan:125
[29-Sep-2022 15:38:10 Europe/Paris] PHP   5. _PHPStan_3bfe2e67c\Symfony\Component\Console\Application->run($input = *uninitialized*, $output = *uninitialized*) phar://D:/work-dir/pdo-helper/vendor/phpstan/phpstan/phpstan.phar/bin/phpstan:124
[29-Sep-2022 15:38:10 Europe/Paris] PHP   6. _PHPStan_3bfe2e67c\Symfony\Component\Console\Application->doRun($input = class _PHPStan_3bfe2e67c\Symfony\Component\Console\Input\ArgvInput { protected $definition = class _PHPStan_3bfe2e67c\Symfony\Component\Console\Input\InputDefinition { private $arguments = [...]; private $requiredCount = 1; private $lastArrayArgument = NULL; private $lastOptionalArgument = NULL; private $options = [...]; private $negations = [...]; private $shortcuts = [...] }; protected $stream = NULL; protected $options = []; protected $arguments = ['command' => 'src']; protected $interactive = TRUE; private $tokens = [0 => 'src']; private $parsed = [] }, $output = class _PHPStan_3bfe2e67c\Symfony\Component\Console\Output\ConsoleOutput { private ${_PHPStan_3bfe2e67c\Symfony\Component\Console\Output\Output}verbosity = 32; private ${_PHPStan_3bfe2e67c\Symfony\Component\Console\Output\Output}formatter = class _PHPStan_3bfe2e67c\Symfony\Component\Console\Formatter\OutputFormatter { private $decorated = TRUE; private $styles = [...]; private $styleStack = class _PHPStan_3bfe2e67c\Symfony\Component\Console\Formatter\OutputFormatterStyleStack { ... } }; private ${_PHPStan_3bfe2e67c\Symfony\Component\Console\Output\StreamOutput}stream = resource(2) of type (stream); private $stderr = class _PHPStan_3bfe2e67c\Symfony\Component\Console\Output\StreamOutput { private ${_PHPStan_3bfe2e67c\Symfony\Component\Console\Output\Output}verbosity = 32; private ${_PHPStan_3bfe2e67c\Symfony\Component\Console\Output\Output}formatter = class _PHPStan_3bfe2e67c\Symfony\Component\Console\Formatter\OutputFormatter { ... }; private $stream = resource(3) of type (stream) }; private $consoleSectionOutputs = [] }) phar://D:/work-dir/pdo-helper/vendor/phpstan/phpstan/phpstan.phar/vendor/symfony/console/Application.php:157
[29-Sep-2022 15:38:10 Europe/Paris] PHP   7. _PHPStan_3bfe2e67c\Symfony\Component\Console\Application->find($name = 'src') phar://D:/work-dir/pdo-helper/vendor/phpstan/phpstan/phpstan.phar/vendor/symfony/console/Application.php:229
[29-Sep-2022 15:38:10 Europe/Paris] PHP _PHPStan_3bfe2e67c\Symfony\Component\Console\Exception\CommandNotFoundException:  Command "src" is not defined. in phar://D:/work-dir/pdo-helper/vendor/phpstan/phpstan/phpstan.phar/vendor/symfony/console/Application.php on line 606
[29-Sep-2022 15:38:10 Europe/Paris] PHP Stack trace:
[29-Sep-2022 15:38:10 Europe/Paris] PHP   1. {main}() D:\work-dir\pdo-helper\vendor\bin\phpstan:0
[29-Sep-2022 15:38:10 Europe/Paris] PHP   2. include() D:\work-dir\pdo-helper\vendor\bin\phpstan:120
[29-Sep-2022 15:38:10 Europe/Paris] PHP   3. require() D:\work-dir\pdo-helper\vendor\phpstan\phpstan\phpstan:8
[29-Sep-2022 15:38:10 Europe/Paris] PHP   4. _PHPStan_3bfe2e67c\{closure:phar://D:/work-dir/pdo-helper/vendor/phpstan/phpstan/phpstan.phar/bin/phpstan:13-125}() phar://D:/work-dir/pdo-helper/vendor/phpstan/phpstan/phpstan.phar/bin/phpstan:125
[29-Sep-2022 15:38:10 Europe/Paris] PHP   5. _PHPStan_3bfe2e67c\Symfony\Component\Console\Application->run($input = *uninitialized*, $output = *uninitialized*) phar://D:/work-dir/pdo-helper/vendor/phpstan/phpstan/phpstan.phar/bin/phpstan:124
[29-Sep-2022 15:38:10 Europe/Paris] PHP   6. _PHPStan_3bfe2e67c\Symfony\Component\Console\Application->doRun($input = class _PHPStan_3bfe2e67c\Symfony\Component\Console\Input\ArgvInput { protected $definition = class _PHPStan_3bfe2e67c\Symfony\Component\Console\Input\InputDefinition { private $arguments = [...]; private $requiredCount = 1; private $lastArrayArgument = NULL; private $lastOptionalArgument = NULL; private $options = [...]; private $negations = [...]; private $shortcuts = [...] }; protected $stream = NULL; protected $options = []; protected $arguments = ['command' => 'src']; protected $interactive = TRUE; private $tokens = [0 => 'src']; private $parsed = [] }, $output = class _PHPStan_3bfe2e67c\Symfony\Component\Console\Output\ConsoleOutput { private ${_PHPStan_3bfe2e67c\Symfony\Component\Console\Output\Output}verbosity = 32; private ${_PHPStan_3bfe2e67c\Symfony\Component\Console\Output\Output}formatter = class _PHPStan_3bfe2e67c\Symfony\Component\Console\Formatter\OutputFormatter { private $decorated = TRUE; private $styles = [...]; private $styleStack = class _PHPStan_3bfe2e67c\Symfony\Component\Console\Formatter\OutputFormatterStyleStack { ... } }; private ${_PHPStan_3bfe2e67c\Symfony\Component\Console\Output\StreamOutput}stream = resource(2) of type (stream); private $stderr = class _PHPStan_3bfe2e67c\Symfony\Component\Console\Output\StreamOutput { private ${_PHPStan_3bfe2e67c\Symfony\Component\Console\Output\Output}verbosity = 32; private ${_PHPStan_3bfe2e67c\Symfony\Component\Console\Output\Output}formatter = class _PHPStan_3bfe2e67c\Symfony\Component\Console\Formatter\OutputFormatter { ... }; private $stream = resource(3) of type (stream) }; private $consoleSectionOutputs = [] }) phar://D:/work-dir/pdo-helper/vendor/phpstan/phpstan/phpstan.phar/vendor/symfony/console/Application.php:157
[29-Sep-2022 15:38:46 Europe/Paris] PHP _PHPStan_3bfe2e67c\Symfony\Component\Console\Exception\RuntimeException:  No arguments expected for "analyze" command, got "src". in phar://D:/work-dir/pdo-helper/vendor/phpstan/phpstan/phpstan.phar/vendor/symfony/console/Input/ArgvInput.php on line 170
[29-Sep-2022 15:38:46 Europe/Paris] PHP Stack trace:
[29-Sep-2022 15:38:46 Europe/Paris] PHP   1. {main}() D:\work-dir\pdo-helper\vendor\bin\phpstan:0
[29-Sep-2022 15:38:46 Europe/Paris] PHP   2. include() D:\work-dir\pdo-helper\vendor\bin\phpstan:120
[29-Sep-2022 15:38:46 Europe/Paris] PHP   3. require() D:\work-dir\pdo-helper\vendor\phpstan\phpstan\phpstan:8
[29-Sep-2022 15:38:46 Europe/Paris] PHP   4. _PHPStan_3bfe2e67c\{closure:phar://D:/work-dir/pdo-helper/vendor/phpstan/phpstan/phpstan.phar/bin/phpstan:13-125}() phar://D:/work-dir/pdo-helper/vendor/phpstan/phpstan/phpstan.phar/bin/phpstan:125
[29-Sep-2022 15:38:46 Europe/Paris] PHP   5. _PHPStan_3bfe2e67c\Symfony\Component\Console\Application->run($input = *uninitialized*, $output = *uninitialized*) phar://D:/work-dir/pdo-helper/vendor/phpstan/phpstan/phpstan.phar/bin/phpstan:124
[29-Sep-2022 15:38:46 Europe/Paris] PHP   6. _PHPStan_3bfe2e67c\Symfony\Component\Console\Application->doRun($input = class _PHPStan_3bfe2e67c\Symfony\Component\Console\Input\ArgvInput { protected $definition = class _PHPStan_3bfe2e67c\Symfony\Component\Console\Input\InputDefinition { private $arguments = [...]; private $requiredCount = 1; private $lastArrayArgument = NULL; private $lastOptionalArgument = NULL; private $options = [...]; private $negations = [...]; private $shortcuts = [...] }; protected $stream = NULL; protected $options = []; protected $arguments = ['command' => 'analyze']; protected $interactive = TRUE; private $tokens = [0 => 'analyze', 1 => 'src', 2 => '-l8']; private $parsed = [0 => '-l8'] }, $output = class _PHPStan_3bfe2e67c\Symfony\Component\Console\Output\ConsoleOutput { private ${_PHPStan_3bfe2e67c\Symfony\Component\Console\Output\Output}verbosity = 32; private ${_PHPStan_3bfe2e67c\Symfony\Component\Console\Output\Output}formatter = class _PHPStan_3bfe2e67c\Symfony\Component\Console\Formatter\OutputFormatter { private $decorated = TRUE; private $styles = [...]; private $styleStack = class _PHPStan_3bfe2e67c\Symfony\Component\Console\Formatter\OutputFormatterStyleStack { ... } }; private ${_PHPStan_3bfe2e67c\Symfony\Component\Console\Output\StreamOutput}stream = resource(2) of type (stream); private $stderr = class _PHPStan_3bfe2e67c\Symfony\Component\Console\Output\StreamOutput { private ${_PHPStan_3bfe2e67c\Symfony\Component\Console\Output\Output}verbosity = 32; private ${_PHPStan_3bfe2e67c\Symfony\Component\Console\Output\Output}formatter = class _PHPStan_3bfe2e67c\Symfony\Component\Console\Formatter\OutputFormatter { ... }; private $stream = resource(3) of type (stream) }; private $consoleSectionOutputs = [] }) phar://D:/work-dir/pdo-helper/vendor/phpstan/phpstan/phpstan.phar/vendor/symfony/console/Application.php:157
[29-Sep-2022 15:38:46 Europe/Paris] PHP   7. _PHPStan_3bfe2e67c\Symfony\Component\Console\Input\Input->bind($definition = class _PHPStan_3bfe2e67c\Symfony\Component\Console\Input\InputDefinition { private $arguments = ['command' => class _PHPStan_3bfe2e67c\Symfony\Component\Console\Input\InputArgument { ... }]; private $requiredCount = 1; private $lastArrayArgument = NULL; private $lastOptionalArgument = NULL; private $options = ['help' => class _PHPStan_3bfe2e67c\Symfony\Component\Console\Input\InputOption { ... }, 'quiet' => class _PHPStan_3bfe2e67c\Symfony\Component\Console\Input\InputOption { ... }, 'verbose' => class _PHPStan_3bfe2e67c\Symfony\Component\Console\Input\InputOption { ... }, 'version' => class _PHPStan_3bfe2e67c\Symfony\Component\Console\Input\InputOption { ... }, 'ansi' => class _PHPStan_3bfe2e67c\Symfony\Component\Console\Input\InputOption { ... }, 'no-interaction' => class _PHPStan_3bfe2e67c\Symfony\Component\Console\Input\InputOption { ... }]; private $negations = ['no-ansi' => 'ansi']; private $shortcuts = ['h' => 'help', 'q' => 'quiet', 'v' => 'verbose', 'vv' => 'verbose', 'vvv' => 'verbose', 'V' => 'version', 'n' => 'no-interaction'] }) phar://D:/work-dir/pdo-helper/vendor/phpstan/phpstan/phpstan.phar/vendor/symfony/console/Application.php:208
[29-Sep-2022 15:38:46 Europe/Paris] PHP   8. _PHPStan_3bfe2e67c\Symfony\Component\Console\Input\ArgvInput->parse() phar://D:/work-dir/pdo-helper/vendor/phpstan/phpstan/phpstan.phar/vendor/symfony/console/Input/Input.php:50
[29-Sep-2022 15:38:46 Europe/Paris] PHP   9. _PHPStan_3bfe2e67c\Symfony\Component\Console\Input\ArgvInput->parseToken($token = 'src', $parseOptions = TRUE) phar://D:/work-dir/pdo-helper/vendor/phpstan/phpstan/phpstan.phar/vendor/symfony/console/Input/ArgvInput.php:63
[29-Sep-2022 15:38:46 Europe/Paris] PHP  10. _PHPStan_3bfe2e67c\Symfony\Component\Console\Input\ArgvInput->parseArgument($token = 'src') phar://D:/work-dir/pdo-helper/vendor/phpstan/phpstan/phpstan.phar/vendor/symfony/console/Input/ArgvInput.php:77
[29-Sep-2022 15:39:27 Europe/Paris] PHP _PHPStan_3bfe2e67c\Symfony\Component\Console\Exception\RuntimeException:  No arguments expected for "analyze" command, got "src". in phar://D:/work-dir/pdo-helper/vendor/phpstan/phpstan/phpstan.phar/vendor/symfony/console/Input/ArgvInput.php on line 170
[29-Sep-2022 15:39:27 Europe/Paris] PHP Stack trace:
[29-Sep-2022 15:39:27 Europe/Paris] PHP   1. {main}() D:\work-dir\pdo-helper\vendor\bin\phpstan:0
[29-Sep-2022 15:39:27 Europe/Paris] PHP   2. include() D:\work-dir\pdo-helper\vendor\bin\phpstan:120
[29-Sep-2022 15:39:27 Europe/Paris] PHP   3. require() D:\work-dir\pdo-helper\vendor\phpstan\phpstan\phpstan:8
[29-Sep-2022 15:39:27 Europe/Paris] PHP   4. _PHPStan_3bfe2e67c\{closure:phar://D:/work-dir/pdo-helper/vendor/phpstan/phpstan/phpstan.phar/bin/phpstan:13-125}() phar://D:/work-dir/pdo-helper/vendor/phpstan/phpstan/phpstan.phar/bin/phpstan:125
[29-Sep-2022 15:39:27 Europe/Paris] PHP   5. _PHPStan_3bfe2e67c\Symfony\Component\Console\Application->run($input = *uninitialized*, $output = *uninitialized*) phar://D:/work-dir/pdo-helper/vendor/phpstan/phpstan/phpstan.phar/bin/phpstan:124
[29-Sep-2022 15:39:27 Europe/Paris] PHP   6. _PHPStan_3bfe2e67c\Symfony\Component\Console\Application->doRun($input = class _PHPStan_3bfe2e67c\Symfony\Component\Console\Input\ArgvInput { protected $definition = class _PHPStan_3bfe2e67c\Symfony\Component\Console\Input\InputDefinition { private $arguments = [...]; private $requiredCount = 1; private $lastArrayArgument = NULL; private $lastOptionalArgument = NULL; private $options = [...]; private $negations = [...]; private $shortcuts = [...] }; protected $stream = NULL; protected $options = []; protected $arguments = ['command' => 'analyze']; protected $interactive = TRUE; private $tokens = [0 => 'analyze', 1 => 'src']; private $parsed = [] }, $output = class _PHPStan_3bfe2e67c\Symfony\Component\Console\Output\ConsoleOutput { private ${_PHPStan_3bfe2e67c\Symfony\Component\Console\Output\Output}verbosity = 32; private ${_PHPStan_3bfe2e67c\Symfony\Component\Console\Output\Output}formatter = class _PHPStan_3bfe2e67c\Symfony\Component\Console\Formatter\OutputFormatter { private $decorated = TRUE; private $styles = [...]; private $styleStack = class _PHPStan_3bfe2e67c\Symfony\Component\Console\Formatter\OutputFormatterStyleStack { ... } }; private ${_PHPStan_3bfe2e67c\Symfony\Component\Console\Output\StreamOutput}stream = resource(2) of type (stream); private $stderr = class _PHPStan_3bfe2e67c\Symfony\Component\Console\Output\StreamOutput { private ${_PHPStan_3bfe2e67c\Symfony\Component\Console\Output\Output}verbosity = 32; private ${_PHPStan_3bfe2e67c\Symfony\Component\Console\Output\Output}formatter = class _PHPStan_3bfe2e67c\Symfony\Component\Console\Formatter\OutputFormatter { ... }; private $stream = resource(3) of type (stream) }; private $consoleSectionOutputs = [] }) phar://D:/work-dir/pdo-helper/vendor/phpstan/phpstan/phpstan.phar/vendor/symfony/console/Application.php:157
[29-Sep-2022 15:39:27 Europe/Paris] PHP   7. _PHPStan_3bfe2e67c\Symfony\Component\Console\Input\Input->bind($definition = class _PHPStan_3bfe2e67c\Symfony\Component\Console\Input\InputDefinition { private $arguments = ['command' => class _PHPStan_3bfe2e67c\Symfony\Component\Console\Input\InputArgument { ... }]; private $requiredCount = 1; private $lastArrayArgument = NULL; private $lastOptionalArgument = NULL; private $options = ['help' => class _PHPStan_3bfe2e67c\Symfony\Component\Console\Input\InputOption { ... }, 'quiet' => class _PHPStan_3bfe2e67c\Symfony\Component\Console\Input\InputOption { ... }, 'verbose' => class _PHPStan_3bfe2e67c\Symfony\Component\Console\Input\InputOption { ... }, 'version' => class _PHPStan_3bfe2e67c\Symfony\Component\Console\Input\InputOption { ... }, 'ansi' => class _PHPStan_3bfe2e67c\Symfony\Component\Console\Input\InputOption { ... }, 'no-interaction' => class _PHPStan_3bfe2e67c\Symfony\Component\Console\Input\InputOption { ... }]; private $negations = ['no-ansi' => 'ansi']; private $shortcuts = ['h' => 'help', 'q' => 'quiet', 'v' => 'verbose', 'vv' => 'verbose', 'vvv' => 'verbose', 'V' => 'version', 'n' => 'no-interaction'] }) phar://D:/work-dir/pdo-helper/vendor/phpstan/phpstan/phpstan.phar/vendor/symfony/console/Application.php:208
[29-Sep-2022 15:39:27 Europe/Paris] PHP   8. _PHPStan_3bfe2e67c\Symfony\Component\Console\Input\ArgvInput->parse() phar://D:/work-dir/pdo-helper/vendor/phpstan/phpstan/phpstan.phar/vendor/symfony/console/Input/Input.php:50
[29-Sep-2022 15:39:27 Europe/Paris] PHP   9. _PHPStan_3bfe2e67c\Symfony\Component\Console\Input\ArgvInput->parseToken($token = 'src', $parseOptions = TRUE) phar://D:/work-dir/pdo-helper/vendor/phpstan/phpstan/phpstan.phar/vendor/symfony/console/Input/ArgvInput.php:63
[29-Sep-2022 15:39:27 Europe/Paris] PHP  10. _PHPStan_3bfe2e67c\Symfony\Component\Console\Input\ArgvInput->parseArgument($token = 'src') phar://D:/work-dir/pdo-helper/vendor/phpstan/phpstan/phpstan.phar/vendor/symfony/console/Input/ArgvInput.php:77
[29-Sep-2022 15:39:39 Europe/Paris] PHP _PHPStan_3bfe2e67c\Symfony\Component\Console\Exception\RuntimeException:  No arguments expected for "analyze" command, got "./src". in phar://D:/work-dir/pdo-helper/vendor/phpstan/phpstan/phpstan.phar/vendor/symfony/console/Input/ArgvInput.php on line 170
[29-Sep-2022 15:39:39 Europe/Paris] PHP Stack trace:
[29-Sep-2022 15:39:39 Europe/Paris] PHP   1. {main}() D:\work-dir\pdo-helper\vendor\bin\phpstan:0
[29-Sep-2022 15:39:39 Europe/Paris] PHP   2. include() D:\work-dir\pdo-helper\vendor\bin\phpstan:120
[29-Sep-2022 15:39:39 Europe/Paris] PHP   3. require() D:\work-dir\pdo-helper\vendor\phpstan\phpstan\phpstan:8
[29-Sep-2022 15:39:39 Europe/Paris] PHP   4. _PHPStan_3bfe2e67c\{closure:phar://D:/work-dir/pdo-helper/vendor/phpstan/phpstan/phpstan.phar/bin/phpstan:13-125}() phar://D:/work-dir/pdo-helper/vendor/phpstan/phpstan/phpstan.phar/bin/phpstan:125
[29-Sep-2022 15:39:39 Europe/Paris] PHP   5. _PHPStan_3bfe2e67c\Symfony\Component\Console\Application->run($input = *uninitialized*, $output = *uninitialized*) phar://D:/work-dir/pdo-helper/vendor/phpstan/phpstan/phpstan.phar/bin/phpstan:124
[29-Sep-2022 15:39:39 Europe/Paris] PHP   6. _PHPStan_3bfe2e67c\Symfony\Component\Console\Application->doRun($input = class _PHPStan_3bfe2e67c\Symfony\Component\Console\Input\ArgvInput { protected $definition = class _PHPStan_3bfe2e67c\Symfony\Component\Console\Input\InputDefinition { private $arguments = [...]; private $requiredCount = 1; private $lastArrayArgument = NULL; private $lastOptionalArgument = NULL; private $options = [...]; private $negations = [...]; private $shortcuts = [...] }; protected $stream = NULL; protected $options = []; protected $arguments = ['command' => 'analyze']; protected $interactive = TRUE; private $tokens = [0 => 'analyze', 1 => './src']; private $parsed = [] }, $output = class _PHPStan_3bfe2e67c\Symfony\Component\Console\Output\ConsoleOutput { private ${_PHPStan_3bfe2e67c\Symfony\Component\Console\Output\Output}verbosity = 32; private ${_PHPStan_3bfe2e67c\Symfony\Component\Console\Output\Output}formatter = class _PHPStan_3bfe2e67c\Symfony\Component\Console\Formatter\OutputFormatter { private $decorated = TRUE; private $styles = [...]; private $styleStack = class _PHPStan_3bfe2e67c\Symfony\Component\Console\Formatter\OutputFormatterStyleStack { ... } }; private ${_PHPStan_3bfe2e67c\Symfony\Component\Console\Output\StreamOutput}stream = resource(2) of type (stream); private $stderr = class _PHPStan_3bfe2e67c\Symfony\Component\Console\Output\StreamOutput { private ${_PHPStan_3bfe2e67c\Symfony\Component\Console\Output\Output}verbosity = 32; private ${_PHPStan_3bfe2e67c\Symfony\Component\Console\Output\Output}formatter = class _PHPStan_3bfe2e67c\Symfony\Component\Console\Formatter\OutputFormatter { ... }; private $stream = resource(3) of type (stream) }; private $consoleSectionOutputs = [] }) phar://D:/work-dir/pdo-helper/vendor/phpstan/phpstan/phpstan.phar/vendor/symfony/console/Application.php:157
[29-Sep-2022 15:39:39 Europe/Paris] PHP   7. _PHPStan_3bfe2e67c\Symfony\Component\Console\Input\Input->bind($definition = class _PHPStan_3bfe2e67c\Symfony\Component\Console\Input\InputDefinition { private $arguments = ['command' => class _PHPStan_3bfe2e67c\Symfony\Component\Console\Input\InputArgument { ... }]; private $requiredCount = 1; private $lastArrayArgument = NULL; private $lastOptionalArgument = NULL; private $options = ['help' => class _PHPStan_3bfe2e67c\Symfony\Component\Console\Input\InputOption { ... }, 'quiet' => class _PHPStan_3bfe2e67c\Symfony\Component\Console\Input\InputOption { ... }, 'verbose' => class _PHPStan_3bfe2e67c\Symfony\Component\Console\Input\InputOption { ... }, 'version' => class _PHPStan_3bfe2e67c\Symfony\Component\Console\Input\InputOption { ... }, 'ansi' => class _PHPStan_3bfe2e67c\Symfony\Component\Console\Input\InputOption { ... }, 'no-interaction' => class _PHPStan_3bfe2e67c\Symfony\Component\Console\Input\InputOption { ... }]; private $negations = ['no-ansi' => 'ansi']; private $shortcuts = ['h' => 'help', 'q' => 'quiet', 'v' => 'verbose', 'vv' => 'verbose', 'vvv' => 'verbose', 'V' => 'version', 'n' => 'no-interaction'] }) phar://D:/work-dir/pdo-helper/vendor/phpstan/phpstan/phpstan.phar/vendor/symfony/console/Application.php:208
[29-Sep-2022 15:39:39 Europe/Paris] PHP   8. _PHPStan_3bfe2e67c\Symfony\Component\Console\Input\ArgvInput->parse() phar://D:/work-dir/pdo-helper/vendor/phpstan/phpstan/phpstan.phar/vendor/symfony/console/Input/Input.php:50
[29-Sep-2022 15:39:39 Europe/Paris] PHP   9. _PHPStan_3bfe2e67c\Symfony\Component\Console\Input\ArgvInput->parseToken($token = './src', $parseOptions = TRUE) phar://D:/work-dir/pdo-helper/vendor/phpstan/phpstan/phpstan.phar/vendor/symfony/console/Input/ArgvInput.php:63
[29-Sep-2022 15:39:39 Europe/Paris] PHP  10. _PHPStan_3bfe2e67c\Symfony\Component\Console\Input\ArgvInput->parseArgument($token = './src') phar://D:/work-dir/pdo-helper/vendor/phpstan/phpstan/phpstan.phar/vendor/symfony/console/Input/ArgvInput.php:77
[29-Sep-2022 15:40:18 Europe/Paris] PHP _PHPStan_3bfe2e67c\Symfony\Component\Console\Exception\RuntimeException:  No arguments expected for "analyze" command, got "src". in phar://D:/work-dir/pdo-helper/vendor/phpstan/phpstan/phpstan.phar/vendor/symfony/console/Input/ArgvInput.php on line 170
[29-Sep-2022 15:40:18 Europe/Paris] PHP Stack trace:
[29-Sep-2022 15:40:18 Europe/Paris] PHP   1. {main}() D:\work-dir\pdo-helper\vendor\bin\phpstan:0
[29-Sep-2022 15:40:18 Europe/Paris] PHP   2. include() D:\work-dir\pdo-helper\vendor\bin\phpstan:120
[29-Sep-2022 15:40:18 Europe/Paris] PHP   3. require() D:\work-dir\pdo-helper\vendor\phpstan\phpstan\phpstan:8
[29-Sep-2022 15:40:18 Europe/Paris] PHP   4. _PHPStan_3bfe2e67c\{closure:phar://D:/work-dir/pdo-helper/vendor/phpstan/phpstan/phpstan.phar/bin/phpstan:13-125}() phar://D:/work-dir/pdo-helper/vendor/phpstan/phpstan/phpstan.phar/bin/phpstan:125
[29-Sep-2022 15:40:18 Europe/Paris] PHP   5. _PHPStan_3bfe2e67c\Symfony\Component\Console\Application->run($input = *uninitialized*, $output = *uninitialized*) phar://D:/work-dir/pdo-helper/vendor/phpstan/phpstan/phpstan.phar/bin/phpstan:124
[29-Sep-2022 15:40:18 Europe/Paris] PHP   6. _PHPStan_3bfe2e67c\Symfony\Component\Console\Application->doRun($input = class _PHPStan_3bfe2e67c\Symfony\Component\Console\Input\ArgvInput { protected $definition = class _PHPStan_3bfe2e67c\Symfony\Component\Console\Input\InputDefinition { private $arguments = [...]; private $requiredCount = 1; private $lastArrayArgument = NULL; private $lastOptionalArgument = NULL; private $options = [...]; private $negations = [...]; private $shortcuts = [...] }; protected $stream = NULL; protected $options = []; protected $arguments = ['command' => 'analyze']; protected $interactive = TRUE; private $tokens = [0 => 'analyze', 1 => '--', 2 => 'src']; private $parsed = [] }, $output = class _PHPStan_3bfe2e67c\Symfony\Component\Console\Output\ConsoleOutput { private ${_PHPStan_3bfe2e67c\Symfony\Component\Console\Output\Output}verbosity = 32; private ${_PHPStan_3bfe2e67c\Symfony\Component\Console\Output\Output}formatter = class _PHPStan_3bfe2e67c\Symfony\Component\Console\Formatter\OutputFormatter { private $decorated = TRUE; private $styles = [...]; private $styleStack = class _PHPStan_3bfe2e67c\Symfony\Component\Console\Formatter\OutputFormatterStyleStack { ... } }; private ${_PHPStan_3bfe2e67c\Symfony\Component\Console\Output\StreamOutput}stream = resource(2) of type (stream); private $stderr = class _PHPStan_3bfe2e67c\Symfony\Component\Console\Output\StreamOutput { private ${_PHPStan_3bfe2e67c\Symfony\Component\Console\Output\Output}verbosity = 32; private ${_PHPStan_3bfe2e67c\Symfony\Component\Console\Output\Output}formatter = class _PHPStan_3bfe2e67c\Symfony\Component\Console\Formatter\OutputFormatter { ... }; private $stream = resource(3) of type (stream) }; private $consoleSectionOutputs = [] }) phar://D:/work-dir/pdo-helper/vendor/phpstan/phpstan/phpstan.phar/vendor/symfony/console/Application.php:157
[29-Sep-2022 15:40:18 Europe/Paris] PHP   7. _PHPStan_3bfe2e67c\Symfony\Component\Console\Input\Input->bind($definition = class _PHPStan_3bfe2e67c\Symfony\Component\Console\Input\InputDefinition { private $arguments = ['command' => class _PHPStan_3bfe2e67c\Symfony\Component\Console\Input\InputArgument { ... }]; private $requiredCount = 1; private $lastArrayArgument = NULL; private $lastOptionalArgument = NULL; private $options = ['help' => class _PHPStan_3bfe2e67c\Symfony\Component\Console\Input\InputOption { ... }, 'quiet' => class _PHPStan_3bfe2e67c\Symfony\Component\Console\Input\InputOption { ... }, 'verbose' => class _PHPStan_3bfe2e67c\Symfony\Component\Console\Input\InputOption { ... }, 'version' => class _PHPStan_3bfe2e67c\Symfony\Component\Console\Input\InputOption { ... }, 'ansi' => class _PHPStan_3bfe2e67c\Symfony\Component\Console\Input\InputOption { ... }, 'no-interaction' => class _PHPStan_3bfe2e67c\Symfony\Component\Console\Input\InputOption { ... }]; private $negations = ['no-ansi' => 'ansi']; private $shortcuts = ['h' => 'help', 'q' => 'quiet', 'v' => 'verbose', 'vv' => 'verbose', 'vvv' => 'verbose', 'V' => 'version', 'n' => 'no-interaction'] }) phar://D:/work-dir/pdo-helper/vendor/phpstan/phpstan/phpstan.phar/vendor/symfony/console/Application.php:208
[29-Sep-2022 15:40:18 Europe/Paris] PHP   8. _PHPStan_3bfe2e67c\Symfony\Component\Console\Input\ArgvInput->parse() phar://D:/work-dir/pdo-helper/vendor/phpstan/phpstan/phpstan.phar/vendor/symfony/console/Input/Input.php:50
[29-Sep-2022 15:40:18 Europe/Paris] PHP   9. _PHPStan_3bfe2e67c\Symfony\Component\Console\Input\ArgvInput->parseToken($token = 'src', $parseOptions = FALSE) phar://D:/work-dir/pdo-helper/vendor/phpstan/phpstan/phpstan.phar/vendor/symfony/console/Input/ArgvInput.php:63
[29-Sep-2022 15:40:18 Europe/Paris] PHP  10. _PHPStan_3bfe2e67c\Symfony\Component\Console\Input\ArgvInput->parseArgument($token = 'src') phar://D:/work-dir/pdo-helper/vendor/phpstan/phpstan/phpstan.phar/vendor/symfony/console/Input/ArgvInput.php:77
[29-Sep-2022 15:40:45 Europe/Paris] Xdebug: [Config] The setting 'xdebug.default_enable' has been renamed, see the upgrading guide at https://xdebug.org/docs/upgrade_guide#changed-xdebug.default_enable (See: https://xdebug.org/docs/errors#CFG-C-CHANGED)
[29-Sep-2022 15:40:45 Europe/Paris] Xdebug: [Config] The setting 'xdebug.remote_enable' has been renamed, see the upgrading guide at https://xdebug.org/docs/upgrade_guide#changed-xdebug.remote_enable (See: https://xdebug.org/docs/errors#CFG-C-CHANGED)
[29-Sep-2022 15:40:45 Europe/Paris] Xdebug: [Config] The setting 'xdebug.remote_autostart' has been renamed, see the upgrading guide at https://xdebug.org/docs/upgrade_guide#changed-xdebug.remote_autostart (See: https://xdebug.org/docs/errors#CFG-C-CHANGED)
[29-Sep-2022 15:40:45 Europe/Paris] Xdebug: [Config] The setting 'xdebug.remote_connect_back' has been renamed, see the upgrading guide at https://xdebug.org/docs/upgrade_guide#changed-xdebug.remote_connect_back (See: https://xdebug.org/docs/errors#CFG-C-CHANGED)
[29-Sep-2022 15:40:45 Europe/Paris] Xdebug: [Config] The setting 'xdebug.remote_port' has been renamed, see the upgrading guide at https://xdebug.org/docs/upgrade_guide#changed-xdebug.remote_port (See: https://xdebug.org/docs/errors#CFG-C-CHANGED)
[29-Sep-2022 15:40:45 Europe/Paris] Xdebug: [Config] The setting 'xdebug.default_enable' has been renamed, see the upgrading guide at https://xdebug.org/docs/upgrade_guide#changed-xdebug.default_enable (See: https://xdebug.org/docs/errors#CFG-C-CHANGED)
[29-Sep-2022 15:40:45 Europe/Paris] Xdebug: [Config] The setting 'xdebug.remote_enable' has been renamed, see the upgrading guide at https://xdebug.org/docs/upgrade_guide#changed-xdebug.remote_enable (See: https://xdebug.org/docs/errors#CFG-C-CHANGED)
[29-Sep-2022 15:40:45 Europe/Paris] Xdebug: [Config] The setting 'xdebug.remote_autostart' has been renamed, see the upgrading guide at https://xdebug.org/docs/upgrade_guide#changed-xdebug.remote_autostart (See: https://xdebug.org/docs/errors#CFG-C-CHANGED)
[29-Sep-2022 15:40:45 Europe/Paris] Xdebug: [Config] The setting 'xdebug.remote_connect_back' has been renamed, see the upgrading guide at https://xdebug.org/docs/upgrade_guide#changed-xdebug.remote_connect_back (See: https://xdebug.org/docs/errors#CFG-C-CHANGED)
[29-Sep-2022 15:40:45 Europe/Paris] Xdebug: [Config] The setting 'xdebug.remote_port' has been renamed, see the upgrading guide at https://xdebug.org/docs/upgrade_guide#changed-xdebug.remote_port (See: https://xdebug.org/docs/errors#CFG-C-CHANGED)
[29-Sep-2022 15:41:19 Europe/Paris] Xdebug: [Config] The setting 'xdebug.default_enable' has been renamed, see the upgrading guide at https://xdebug.org/docs/upgrade_guide#changed-xdebug.default_enable (See: https://xdebug.org/docs/errors#CFG-C-CHANGED)
[29-Sep-2022 15:41:19 Europe/Paris] Xdebug: [Config] The setting 'xdebug.remote_enable' has been renamed, see the upgrading guide at https://xdebug.org/docs/upgrade_guide#changed-xdebug.remote_enable (See: https://xdebug.org/docs/errors#CFG-C-CHANGED)
[29-Sep-2022 15:41:19 Europe/Paris] Xdebug: [Config] The setting 'xdebug.remote_autostart' has been renamed, see the upgrading guide at https://xdebug.org/docs/upgrade_guide#changed-xdebug.remote_autostart (See: https://xdebug.org/docs/errors#CFG-C-CHANGED)
[29-Sep-2022 15:41:19 Europe/Paris] Xdebug: [Config] The setting 'xdebug.remote_connect_back' has been renamed, see the upgrading guide at https://xdebug.org/docs/upgrade_guide#changed-xdebug.remote_connect_back (See: https://xdebug.org/docs/errors#CFG-C-CHANGED)
[29-Sep-2022 15:41:19 Europe/Paris] Xdebug: [Config] The setting 'xdebug.remote_port' has been renamed, see the upgrading guide at https://xdebug.org/docs/upgrade_guide#changed-xdebug.remote_port (See: https://xdebug.org/docs/errors#CFG-C-CHANGED)
[29-Sep-2022 15:41:19 Europe/Paris] Xdebug: [Config] The setting 'xdebug.default_enable' has been renamed, see the upgrading guide at https://xdebug.org/docs/upgrade_guide#changed-xdebug.default_enable (See: https://xdebug.org/docs/errors#CFG-C-CHANGED)
[29-Sep-2022 15:41:19 Europe/Paris] Xdebug: [Config] The setting 'xdebug.remote_enable' has been renamed, see the upgrading guide at https://xdebug.org/docs/upgrade_guide#changed-xdebug.remote_enable (See: https://xdebug.org/docs/errors#CFG-C-CHANGED)
[29-Sep-2022 15:41:19 Europe/Paris] Xdebug: [Config] The setting 'xdebug.remote_autostart' has been renamed, see the upgrading guide at https://xdebug.org/docs/upgrade_guide#changed-xdebug.remote_autostart (See: https://xdebug.org/docs/errors#CFG-C-CHANGED)
[29-Sep-2022 15:41:19 Europe/Paris] Xdebug: [Config] The setting 'xdebug.remote_connect_back' has been renamed, see the upgrading guide at https://xdebug.org/docs/upgrade_guide#changed-xdebug.remote_connect_back (See: https://xdebug.org/docs/errors#CFG-C-CHANGED)
[29-Sep-2022 15:41:19 Europe/Paris] Xdebug: [Config] The setting 'xdebug.remote_port' has been renamed, see the upgrading guide at https://xdebug.org/docs/upgrade_guide#changed-xdebug.remote_port (See: https://xdebug.org/docs/errors#CFG-C-CHANGED)
[29-Sep-2022 15:44:13 Europe/Paris] PHP ParseError:  Unclosed '(' in  on line 1
[29-Sep-2022 15:44:13 Europe/Paris] PHP Stack trace:
[29-Sep-2022 15:44:13 Europe/Paris] PHP   1. {main}() D:\work-dir\pdo-helper\vendor\bin\phpcs:0
[29-Sep-2022 15:44:13 Europe/Paris] PHP   2. include() D:\work-dir\pdo-helper\vendor\bin\phpcs:120
[29-Sep-2022 15:44:13 Europe/Paris] PHP   3. PHP_CodeSniffer\Runner->runPHPCS() D:\work-dir\pdo-helper\vendor\squizlabs\php_codesniffer\bin\phpcs:18
[29-Sep-2022 15:44:13 Europe/Paris] PHP   4. PHP_CodeSniffer\Runner->init() D:\work-dir\pdo-helper\vendor\squizlabs\php_codesniffer\src\Runner.php:70
[29-Sep-2022 15:44:13 Europe/Paris] PHP   5. PHP_CodeSniffer\Ruleset->__construct($config = class PHP_CodeSniffer\Config { private $settings = ['files' => [...], 'standards' => [...], 'verbosity' => 0, 'interactive' => FALSE, 'parallel' => 75, 'cache' => FALSE, 'cacheFile' => NULL, 'colors' => TRUE, 'explain' => FALSE, 'local' => FALSE, 'showSources' => FALSE, 'showProgress' => TRUE, 'quiet' => FALSE, 'annotations' => TRUE, 'tabWidth' => 4, 'encoding' => 'utf-8', 'extensions' => [...], 'sniffs' => [...], 'exclude' => [...], 'ignored' => [...], 'reportFile' => NULL, 'generator' => NULL, 'filter' => NULL, 'bootstrap' => [...], 'reports' => [...], 'basepath' => NULL, 'reportWidth' => 0, 'errorSeverity' => 5, 'warningSeverity' => 0, 'recordErrors' => TRUE, 'suffix' => '', 'stdin' => FALSE, 'stdinContent' => NULL, 'stdinPath' => NULL, 'unknown' => [...]]; public $dieOnUnknownArg = TRUE; private $cliArgs = [0 => '--colors', 1 => '--parallel=75', 2 => '-np', 3 => 'src', 4 => 'test'] }) D:\work-dir\pdo-helper\vendor\squizlabs\php_codesniffer\src\Runner.php:332
[29-Sep-2022 15:44:13 Europe/Paris] PHP   6. PHP_CodeSniffer\Ruleset->populateTokenListeners() D:\work-dir\pdo-helper\vendor\squizlabs\php_codesniffer\src\Ruleset.php:218
[29-Sep-2022 15:44:13 Europe/Paris] PHP   7. PHP_CodeSniffer\Sniffs\AbstractPatternSniff->register() D:\work-dir\pdo-helper\vendor\squizlabs\php_codesniffer\src\Ruleset.php:1231
[29-Sep-2022 15:44:13 Europe/Paris] PHP   8. PHP_CodeSniffer\Sniffs\AbstractPatternSniff->parse($pattern = 'function abc(...);') D:\work-dir\pdo-helper\vendor\squizlabs\php_codesniffer\src\Sniffs\AbstractPatternSniff.php:90
[29-Sep-2022 15:44:13 Europe/Paris] PHP   9. PHP_CodeSniffer\Sniffs\AbstractPatternSniff->createTokenPattern($str = '(') D:\work-dir\pdo-helper\vendor\squizlabs\php_codesniffer\src\Sniffs\AbstractPatternSniff.php:824
[29-Sep-2022 15:44:13 Europe/Paris] PHP  10. PHP_CodeSniffer\Tokenizers\Tokenizer->__construct($content = '<?php (?>', $config = NULL, $eolChar = *uninitialized*) D:\work-dir\pdo-helper\vendor\squizlabs\php_codesniffer\src\Sniffs\AbstractPatternSniff.php:916
[29-Sep-2022 15:44:13 Europe/Paris] PHP  11. PHP_CodeSniffer\Tokenizers\PHP->tokenize($string = '<?php (?>') D:\work-dir\pdo-helper\vendor\squizlabs\php_codesniffer\src\Tokenizers\Tokenizer.php:90
[29-Sep-2022 15:44:13 Europe/Paris] PHP  12. token_get_all($code = '<?php (?>') D:\work-dir\pdo-helper\vendor\squizlabs\php_codesniffer\src\Tokenizers\PHP.php:522
[29-Sep-2022 15:44:13 Europe/Paris] PHP ParseError:  Unclosed '(' in  on line 1
[29-Sep-2022 15:44:13 Europe/Paris] PHP Stack trace:
[29-Sep-2022 15:44:13 Europe/Paris] PHP   1. {main}() D:\work-dir\pdo-helper\vendor\bin\phpcs:0
[29-Sep-2022 15:44:13 Europe/Paris] PHP   2. include() D:\work-dir\pdo-helper\vendor\bin\phpcs:120
[29-Sep-2022 15:44:13 Europe/Paris] PHP   3. PHP_CodeSniffer\Runner->runPHPCS() D:\work-dir\pdo-helper\vendor\squizlabs\php_codesniffer\bin\phpcs:18
[29-Sep-2022 15:44:13 Europe/Paris] PHP   4. PHP_CodeSniffer\Runner->init() D:\work-dir\pdo-helper\vendor\squizlabs\php_codesniffer\src\Runner.php:70
[29-Sep-2022 15:44:13 Europe/Paris] PHP   5. PHP_CodeSniffer\Ruleset->__construct($config = class PHP_CodeSniffer\Config { private $settings = ['files' => [...], 'standards' => [...], 'verbosity' => 0, 'interactive' => FALSE, 'parallel' => 75, 'cache' => FALSE, 'cacheFile' => NULL, 'colors' => TRUE, 'explain' => FALSE, 'local' => FALSE, 'showSources' => FALSE, 'showProgress' => TRUE, 'quiet' => FALSE, 'annotations' => TRUE, 'tabWidth' => 4, 'encoding' => 'utf-8', 'extensions' => [...], 'sniffs' => [...], 'exclude' => [...], 'ignored' => [...], 'reportFile' => NULL, 'generator' => NULL, 'filter' => NULL, 'bootstrap' => [...], 'reports' => [...], 'basepath' => NULL, 'reportWidth' => 0, 'errorSeverity' => 5, 'warningSeverity' => 0, 'recordErrors' => TRUE, 'suffix' => '', 'stdin' => FALSE, 'stdinContent' => NULL, 'stdinPath' => NULL, 'unknown' => [...]]; public $dieOnUnknownArg = TRUE; private $cliArgs = [0 => '--colors', 1 => '--parallel=75', 2 => '-np', 3 => 'src', 4 => 'test'] }) D:\work-dir\pdo-helper\vendor\squizlabs\php_codesniffer\src\Runner.php:332
[29-Sep-2022 15:44:13 Europe/Paris] PHP   6. PHP_CodeSniffer\Ruleset->populateTokenListeners() D:\work-dir\pdo-helper\vendor\squizlabs\php_codesniffer\src\Ruleset.php:218
[29-Sep-2022 15:44:13 Europe/Paris] PHP   7. PHP_CodeSniffer\Sniffs\AbstractPatternSniff->register() D:\work-dir\pdo-helper\vendor\squizlabs\php_codesniffer\src\Ruleset.php:1231
[29-Sep-2022 15:44:13 Europe/Paris] PHP   8. PHP_CodeSniffer\Sniffs\AbstractPatternSniff->parse($pattern = 'function abc(...)') D:\work-dir\pdo-helper\vendor\squizlabs\php_codesniffer\src\Sniffs\AbstractPatternSniff.php:90
[29-Sep-2022 15:44:13 Europe/Paris] PHP   9. PHP_CodeSniffer\Sniffs\AbstractPatternSniff->createTokenPattern($str = '(') D:\work-dir\pdo-helper\vendor\squizlabs\php_codesniffer\src\Sniffs\AbstractPatternSniff.php:824
[29-Sep-2022 15:44:13 Europe/Paris] PHP  10. PHP_CodeSniffer\Tokenizers\Tokenizer->__construct($content = '<?php (?>', $config = NULL, $eolChar = *uninitialized*) D:\work-dir\pdo-helper\vendor\squizlabs\php_codesniffer\src\Sniffs\AbstractPatternSniff.php:916
[29-Sep-2022 15:44:13 Europe/Paris] PHP  11. PHP_CodeSniffer\Tokenizers\PHP->tokenize($string = '<?php (?>') D:\work-dir\pdo-helper\vendor\squizlabs\php_codesniffer\src\Tokenizers\Tokenizer.php:90
[29-Sep-2022 15:44:13 Europe/Paris] PHP  12. token_get_all($code = '<?php (?>') D:\work-dir\pdo-helper\vendor\squizlabs\php_codesniffer\src\Tokenizers\PHP.php:522
[29-Sep-2022 15:44:13 Europe/Paris] PHP ParseError:  Unclosed '(' in  on line 1
[29-Sep-2022 15:44:13 Europe/Paris] PHP Stack trace:
[29-Sep-2022 15:44:13 Europe/Paris] PHP   1. {main}() D:\work-dir\pdo-helper\vendor\bin\phpcs:0
[29-Sep-2022 15:44:13 Europe/Paris] PHP   2. include() D:\work-dir\pdo-helper\vendor\bin\phpcs:120
[29-Sep-2022 15:44:13 Europe/Paris] PHP   3. PHP_CodeSniffer\Runner->runPHPCS() D:\work-dir\pdo-helper\vendor\squizlabs\php_codesniffer\bin\phpcs:18
[29-Sep-2022 15:44:13 Europe/Paris] PHP   4. PHP_CodeSniffer\Runner->init() D:\work-dir\pdo-helper\vendor\squizlabs\php_codesniffer\src\Runner.php:70
[29-Sep-2022 15:44:13 Europe/Paris] PHP   5. PHP_CodeSniffer\Ruleset->__construct($config = class PHP_CodeSniffer\Config { private $settings = ['files' => [...], 'standards' => [...], 'verbosity' => 0, 'interactive' => FALSE, 'parallel' => 75, 'cache' => FALSE, 'cacheFile' => NULL, 'colors' => TRUE, 'explain' => FALSE, 'local' => FALSE, 'showSources' => FALSE, 'showProgress' => TRUE, 'quiet' => FALSE, 'annotations' => TRUE, 'tabWidth' => 4, 'encoding' => 'utf-8', 'extensions' => [...], 'sniffs' => [...], 'exclude' => [...], 'ignored' => [...], 'reportFile' => NULL, 'generator' => NULL, 'filter' => NULL, 'bootstrap' => [...], 'reports' => [...], 'basepath' => NULL, 'reportWidth' => 0, 'errorSeverity' => 5, 'warningSeverity' => 0, 'recordErrors' => TRUE, 'suffix' => '', 'stdin' => FALSE, 'stdinContent' => NULL, 'stdinPath' => NULL, 'unknown' => [...]]; public $dieOnUnknownArg = TRUE; private $cliArgs = [0 => '--colors', 1 => '--parallel=75', 2 => '-np', 3 => 'src', 4 => 'test'] }) D:\work-dir\pdo-helper\vendor\squizlabs\php_codesniffer\src\Runner.php:332
[29-Sep-2022 15:44:13 Europe/Paris] PHP   6. PHP_CodeSniffer\Ruleset->populateTokenListeners() D:\work-dir\pdo-helper\vendor\squizlabs\php_codesniffer\src\Ruleset.php:218
[29-Sep-2022 15:44:13 Europe/Paris] PHP   7. PHP_CodeSniffer\Sniffs\AbstractPatternSniff->register() D:\work-dir\pdo-helper\vendor\squizlabs\php_codesniffer\src\Ruleset.php:1231
[29-Sep-2022 15:44:13 Europe/Paris] PHP   8. PHP_CodeSniffer\Sniffs\AbstractPatternSniff->parse($pattern = 'abstract function abc(...);') D:\work-dir\pdo-helper\vendor\squizlabs\php_codesniffer\src\Sniffs\AbstractPatternSniff.php:90
[29-Sep-2022 15:44:13 Europe/Paris] PHP   9. PHP_CodeSniffer\Sniffs\AbstractPatternSniff->createTokenPattern($str = '(') D:\work-dir\pdo-helper\vendor\squizlabs\php_codesniffer\src\Sniffs\AbstractPatternSniff.php:824
[29-Sep-2022 15:44:13 Europe/Paris] PHP  10. PHP_CodeSniffer\Tokenizers\Tokenizer->__construct($content = '<?php (?>', $config = NULL, $eolChar = *uninitialized*) D:\work-dir\pdo-helper\vendor\squizlabs\php_codesniffer\src\Sniffs\AbstractPatternSniff.php:916
[29-Sep-2022 15:44:13 Europe/Paris] PHP  11. PHP_CodeSniffer\Tokenizers\PHP->tokenize($string = '<?php (?>') D:\work-dir\pdo-helper\vendor\squizlabs\php_codesniffer\src\Tokenizers\Tokenizer.php:90
[29-Sep-2022 15:44:13 Europe/Paris] PHP  12. token_get_all($code = '<?php (?>') D:\work-dir\pdo-helper\vendor\squizlabs\php_codesniffer\src\Tokenizers\PHP.php:522
[29-Sep-2022 15:44:14 Europe/Paris] PHP _PHPStan_3bfe2e67c\Symfony\Component\Console\Exception\RuntimeException:  No arguments expected for "analyse" command, got "src". in phar://D:/work-dir/pdo-helper/vendor/phpstan/phpstan/phpstan.phar/vendor/symfony/console/Input/ArgvInput.php on line 170
[29-Sep-2022 15:44:14 Europe/Paris] PHP Stack trace:
[29-Sep-2022 15:44:14 Europe/Paris] PHP   1. {main}() D:\work-dir\pdo-helper\vendor\bin\phpstan:0
[29-Sep-2022 15:44:14 Europe/Paris] PHP   2. include() D:\work-dir\pdo-helper\vendor\bin\phpstan:120
[29-Sep-2022 15:44:14 Europe/Paris] PHP   3. require() D:\work-dir\pdo-helper\vendor\phpstan\phpstan\phpstan:8
[29-Sep-2022 15:44:14 Europe/Paris] PHP   4. _PHPStan_3bfe2e67c\{closure:phar://D:/work-dir/pdo-helper/vendor/phpstan/phpstan/phpstan.phar/bin/phpstan:13-125}() phar://D:/work-dir/pdo-helper/vendor/phpstan/phpstan/phpstan.phar/bin/phpstan:125
[29-Sep-2022 15:44:14 Europe/Paris] PHP   5. _PHPStan_3bfe2e67c\Symfony\Component\Console\Application->run($input = *uninitialized*, $output = *uninitialized*) phar://D:/work-dir/pdo-helper/vendor/phpstan/phpstan/phpstan.phar/bin/phpstan:124
[29-Sep-2022 15:44:14 Europe/Paris] PHP   6. _PHPStan_3bfe2e67c\Symfony\Component\Console\Application->doRun($input = class _PHPStan_3bfe2e67c\Symfony\Component\Console\Input\ArgvInput { protected $definition = class _PHPStan_3bfe2e67c\Symfony\Component\Console\Input\InputDefinition { private $arguments = [...]; private $requiredCount = 1; private $lastArrayArgument = NULL; private $lastOptionalArgument = NULL; private $options = [...]; private $negations = [...]; private $shortcuts = [...] }; protected $stream = NULL; protected $options = []; protected $arguments = ['command' => 'analyse']; protected $interactive = TRUE; private $tokens = [0 => 'analyse', 1 => 'src', 2 => '--level', 3 => '8']; private $parsed = [0 => '--level', 1 => '8'] }, $output = class _PHPStan_3bfe2e67c\Symfony\Component\Console\Output\ConsoleOutput { private ${_PHPStan_3bfe2e67c\Symfony\Component\Console\Output\Output}verbosity = 32; private ${_PHPStan_3bfe2e67c\Symfony\Component\Console\Output\Output}formatter = class _PHPStan_3bfe2e67c\Symfony\Component\Console\Formatter\OutputFormatter { private $decorated = FALSE; private $styles = [...]; private $styleStack = class _PHPStan_3bfe2e67c\Symfony\Component\Console\Formatter\OutputFormatterStyleStack { ... } }; private ${_PHPStan_3bfe2e67c\Symfony\Component\Console\Output\StreamOutput}stream = resource(2) of type (stream); private $stderr = class _PHPStan_3bfe2e67c\Symfony\Component\Console\Output\StreamOutput { private ${_PHPStan_3bfe2e67c\Symfony\Component\Console\Output\Output}verbosity = 32; private ${_PHPStan_3bfe2e67c\Symfony\Component\Console\Output\Output}formatter = class _PHPStan_3bfe2e67c\Symfony\Component\Console\Formatter\OutputFormatter { ... }; private $stream = resource(3) of type (stream) }; private $consoleSectionOutputs = [] }) phar://D:/work-dir/pdo-helper/vendor/phpstan/phpstan/phpstan.phar/vendor/symfony/console/Application.php:157
[29-Sep-2022 15:44:14 Europe/Paris] PHP   7. _PHPStan_3bfe2e67c\Symfony\Component\Console\Input\Input->bind($definition = class _PHPStan_3bfe2e67c\Symfony\Component\Console\Input\InputDefinition { private $arguments = ['command' => class _PHPStan_3bfe2e67c\Symfony\Component\Console\Input\InputArgument { ... }]; private $requiredCount = 1; private $lastArrayArgument = NULL; private $lastOptionalArgument = NULL; private $options = ['help' => class _PHPStan_3bfe2e67c\Symfony\Component\Console\Input\InputOption { ... }, 'quiet' => class _PHPStan_3bfe2e67c\Symfony\Component\Console\Input\InputOption { ... }, 'verbose' => class _PHPStan_3bfe2e67c\Symfony\Component\Console\Input\InputOption { ... }, 'version' => class _PHPStan_3bfe2e67c\Symfony\Component\Console\Input\InputOption { ... }, 'ansi' => class _PHPStan_3bfe2e67c\Symfony\Component\Console\Input\InputOption { ... }, 'no-interaction' => class _PHPStan_3bfe2e67c\Symfony\Component\Console\Input\InputOption { ... }]; private $negations = ['no-ansi' => 'ansi']; private $shortcuts = ['h' => 'help', 'q' => 'quiet', 'v' => 'verbose', 'vv' => 'verbose', 'vvv' => 'verbose', 'V' => 'version', 'n' => 'no-interaction'] }) phar://D:/work-dir/pdo-helper/vendor/phpstan/phpstan/phpstan.phar/vendor/symfony/console/Application.php:208
[29-Sep-2022 15:44:14 Europe/Paris] PHP   8. _PHPStan_3bfe2e67c\Symfony\Component\Console\Input\ArgvInput->parse() phar://D:/work-dir/pdo-helper/vendor/phpstan/phpstan/phpstan.phar/vendor/symfony/console/Input/Input.php:50
[29-Sep-2022 15:44:14 Europe/Paris] PHP   9. _PHPStan_3bfe2e67c\Symfony\Component\Console\Input\ArgvInput->parseToken($token = 'src', $parseOptions = TRUE) phar://D:/work-dir/pdo-helper/vendor/phpstan/phpstan/phpstan.phar/vendor/symfony/console/Input/ArgvInput.php:63
[29-Sep-2022 15:44:14 Europe/Paris] PHP  10. _PHPStan_3bfe2e67c\Symfony\Component\Console\Input\ArgvInput->parseArgument($token = 'src') phar://D:/work-dir/pdo-helper/vendor/phpstan/phpstan/phpstan.phar/vendor/symfony/console/Input/ArgvInput.php:77
[29-Sep-2022 15:44:31 Europe/Paris] PHP ParseError:  Unclosed '(' in  on line 1
[29-Sep-2022 15:44:31 Europe/Paris] PHP Stack trace:
[29-Sep-2022 15:44:31 Europe/Paris] PHP   1. {main}() D:\work-dir\pdo-helper\vendor\bin\phpcs:0
[29-Sep-2022 15:44:31 Europe/Paris] PHP   2. include() D:\work-dir\pdo-helper\vendor\bin\phpcs:120
[29-Sep-2022 15:44:31 Europe/Paris] PHP   3. PHP_CodeSniffer\Runner->runPHPCS() D:\work-dir\pdo-helper\vendor\squizlabs\php_codesniffer\bin\phpcs:18
[29-Sep-2022 15:44:31 Europe/Paris] PHP   4. PHP_CodeSniffer\Runner->init() D:\work-dir\pdo-helper\vendor\squizlabs\php_codesniffer\src\Runner.php:70
[29-Sep-2022 15:44:31 Europe/Paris] PHP   5. PHP_CodeSniffer\Ruleset->__construct($config = class PHP_CodeSniffer\Config { private $settings = ['files' => [...], 'standards' => [...], 'verbosity' => 0, 'interactive' => FALSE, 'parallel' => 75, 'cache' => FALSE, 'cacheFile' => NULL, 'colors' => TRUE, 'explain' => FALSE, 'local' => FALSE, 'showSources' => FALSE, 'showProgress' => TRUE, 'quiet' => FALSE, 'annotations' => TRUE, 'tabWidth' => 4, 'encoding' => 'utf-8', 'extensions' => [...], 'sniffs' => [...], 'exclude' => [...], 'ignored' => [...], 'reportFile' => NULL, 'generator' => NULL, 'filter' => NULL, 'bootstrap' => [...], 'reports' => [...], 'basepath' => NULL, 'reportWidth' => 0, 'errorSeverity' => 5, 'warningSeverity' => 0, 'recordErrors' => TRUE, 'suffix' => '', 'stdin' => FALSE, 'stdinContent' => NULL, 'stdinPath' => NULL, 'unknown' => [...]]; public $dieOnUnknownArg = TRUE; private $cliArgs = [0 => '--colors', 1 => '--parallel=75', 2 => '-np', 3 => 'src', 4 => 'test'] }) D:\work-dir\pdo-helper\vendor\squizlabs\php_codesniffer\src\Runner.php:332
[29-Sep-2022 15:44:31 Europe/Paris] PHP   6. PHP_CodeSniffer\Ruleset->populateTokenListeners() D:\work-dir\pdo-helper\vendor\squizlabs\php_codesniffer\src\Ruleset.php:218
[29-Sep-2022 15:44:31 Europe/Paris] PHP   7. PHP_CodeSniffer\Sniffs\AbstractPatternSniff->register() D:\work-dir\pdo-helper\vendor\squizlabs\php_codesniffer\src\Ruleset.php:1231
[29-Sep-2022 15:44:31 Europe/Paris] PHP   8. PHP_CodeSniffer\Sniffs\AbstractPatternSniff->parse($pattern = 'function abc(...);') D:\work-dir\pdo-helper\vendor\squizlabs\php_codesniffer\src\Sniffs\AbstractPatternSniff.php:90
[29-Sep-2022 15:44:31 Europe/Paris] PHP   9. PHP_CodeSniffer\Sniffs\AbstractPatternSniff->createTokenPattern($str = '(') D:\work-dir\pdo-helper\vendor\squizlabs\php_codesniffer\src\Sniffs\AbstractPatternSniff.php:824
[29-Sep-2022 15:44:31 Europe/Paris] PHP  10. PHP_CodeSniffer\Tokenizers\Tokenizer->__construct($content = '<?php (?>', $config = NULL, $eolChar = *uninitialized*) D:\work-dir\pdo-helper\vendor\squizlabs\php_codesniffer\src\Sniffs\AbstractPatternSniff.php:916
[29-Sep-2022 15:44:31 Europe/Paris] PHP  11. PHP_CodeSniffer\Tokenizers\PHP->tokenize($string = '<?php (?>') D:\work-dir\pdo-helper\vendor\squizlabs\php_codesniffer\src\Tokenizers\Tokenizer.php:90
[29-Sep-2022 15:44:31 Europe/Paris] PHP  12. token_get_all($code = '<?php (?>') D:\work-dir\pdo-helper\vendor\squizlabs\php_codesniffer\src\Tokenizers\PHP.php:522
[29-Sep-2022 15:44:31 Europe/Paris] PHP ParseError:  Unclosed '(' in  on line 1
[29-Sep-2022 15:44:31 Europe/Paris] PHP Stack trace:
[29-Sep-2022 15:44:31 Europe/Paris] PHP   1. {main}() D:\work-dir\pdo-helper\vendor\bin\phpcs:0
[29-Sep-2022 15:44:31 Europe/Paris] PHP   2. include() D:\work-dir\pdo-helper\vendor\bin\phpcs:120
[29-Sep-2022 15:44:31 Europe/Paris] PHP   3. PHP_CodeSniffer\Runner->runPHPCS() D:\work-dir\pdo-helper\vendor\squizlabs\php_codesniffer\bin\phpcs:18
[29-Sep-2022 15:44:31 Europe/Paris] PHP   4. PHP_CodeSniffer\Runner->init() D:\work-dir\pdo-helper\vendor\squizlabs\php_codesniffer\src\Runner.php:70
[29-Sep-2022 15:44:31 Europe/Paris] PHP   5. PHP_CodeSniffer\Ruleset->__construct($config = class PHP_CodeSniffer\Config { private $settings = ['files' => [...], 'standards' => [...], 'verbosity' => 0, 'interactive' => FALSE, 'parallel' => 75, 'cache' => FALSE, 'cacheFile' => NULL, 'colors' => TRUE, 'explain' => FALSE, 'local' => FALSE, 'showSources' => FALSE, 'showProgress' => TRUE, 'quiet' => FALSE, 'annotations' => TRUE, 'tabWidth' => 4, 'encoding' => 'utf-8', 'extensions' => [...], 'sniffs' => [...], 'exclude' => [...], 'ignored' => [...], 'reportFile' => NULL, 'generator' => NULL, 'filter' => NULL, 'bootstrap' => [...], 'reports' => [...], 'basepath' => NULL, 'reportWidth' => 0, 'errorSeverity' => 5, 'warningSeverity' => 0, 'recordErrors' => TRUE, 'suffix' => '', 'stdin' => FALSE, 'stdinContent' => NULL, 'stdinPath' => NULL, 'unknown' => [...]]; public $dieOnUnknownArg = TRUE; private $cliArgs = [0 => '--colors', 1 => '--parallel=75', 2 => '-np', 3 => 'src', 4 => 'test'] }) D:\work-dir\pdo-helper\vendor\squizlabs\php_codesniffer\src\Runner.php:332
[29-Sep-2022 15:44:31 Europe/Paris] PHP   6. PHP_CodeSniffer\Ruleset->populateTokenListeners() D:\work-dir\pdo-helper\vendor\squizlabs\php_codesniffer\src\Ruleset.php:218
[29-Sep-2022 15:44:31 Europe/Paris] PHP   7. PHP_CodeSniffer\Sniffs\AbstractPatternSniff->register() D:\work-dir\pdo-helper\vendor\squizlabs\php_codesniffer\src\Ruleset.php:1231
[29-Sep-2022 15:44:31 Europe/Paris] PHP   8. PHP_CodeSniffer\Sniffs\AbstractPatternSniff->parse($pattern = 'function abc(...)') D:\work-dir\pdo-helper\vendor\squizlabs\php_codesniffer\src\Sniffs\AbstractPatternSniff.php:90
[29-Sep-2022 15:44:31 Europe/Paris] PHP   9. PHP_CodeSniffer\Sniffs\AbstractPatternSniff->createTokenPattern($str = '(') D:\work-dir\pdo-helper\vendor\squizlabs\php_codesniffer\src\Sniffs\AbstractPatternSniff.php:824
[29-Sep-2022 15:44:31 Europe/Paris] PHP  10. PHP_CodeSniffer\Tokenizers\Tokenizer->__construct($content = '<?php (?>', $config = NULL, $eolChar = *uninitialized*) D:\work-dir\pdo-helper\vendor\squizlabs\php_codesniffer\src\Sniffs\AbstractPatternSniff.php:916
[29-Sep-2022 15:44:31 Europe/Paris] PHP  11. PHP_CodeSniffer\Tokenizers\PHP->tokenize($string = '<?php (?>') D:\work-dir\pdo-helper\vendor\squizlabs\php_codesniffer\src\Tokenizers\Tokenizer.php:90
[29-Sep-2022 15:44:31 Europe/Paris] PHP  12. token_get_all($code = '<?php (?>') D:\work-dir\pdo-helper\vendor\squizlabs\php_codesniffer\src\Tokenizers\PHP.php:522
[29-Sep-2022 15:44:31 Europe/Paris] PHP ParseError:  Unclosed '(' in  on line 1
[29-Sep-2022 15:44:31 Europe/Paris] PHP Stack trace:
[29-Sep-2022 15:44:31 Europe/Paris] PHP   1. {main}() D:\work-dir\pdo-helper\vendor\bin\phpcs:0
[29-Sep-2022 15:44:31 Europe/Paris] PHP   2. include() D:\work-dir\pdo-helper\vendor\bin\phpcs:120
[29-Sep-2022 15:44:31 Europe/Paris] PHP   3. PHP_CodeSniffer\Runner->runPHPCS() D:\work-dir\pdo-helper\vendor\squizlabs\php_codesniffer\bin\phpcs:18
[29-Sep-2022 15:44:31 Europe/Paris] PHP   4. PHP_CodeSniffer\Runner->init() D:\work-dir\pdo-helper\vendor\squizlabs\php_codesniffer\src\Runner.php:70
[29-Sep-2022 15:44:31 Europe/Paris] PHP   5. PHP_CodeSniffer\Ruleset->__construct($config = class PHP_CodeSniffer\Config { private $settings = ['files' => [...], 'standards' => [...], 'verbosity' => 0, 'interactive' => FALSE, 'parallel' => 75, 'cache' => FALSE, 'cacheFile' => NULL, 'colors' => TRUE, 'explain' => FALSE, 'local' => FALSE, 'showSources' => FALSE, 'showProgress' => TRUE, 'quiet' => FALSE, 'annotations' => TRUE, 'tabWidth' => 4, 'encoding' => 'utf-8', 'extensions' => [...], 'sniffs' => [...], 'exclude' => [...], 'ignored' => [...], 'reportFile' => NULL, 'generator' => NULL, 'filter' => NULL, 'bootstrap' => [...], 'reports' => [...], 'basepath' => NULL, 'reportWidth' => 0, 'errorSeverity' => 5, 'warningSeverity' => 0, 'recordErrors' => TRUE, 'suffix' => '', 'stdin' => FALSE, 'stdinContent' => NULL, 'stdinPath' => NULL, 'unknown' => [...]]; public $dieOnUnknownArg = TRUE; private $cliArgs = [0 => '--colors', 1 => '--parallel=75', 2 => '-np', 3 => 'src', 4 => 'test'] }) D:\work-dir\pdo-helper\vendor\squizlabs\php_codesniffer\src\Runner.php:332
[29-Sep-2022 15:44:31 Europe/Paris] PHP   6. PHP_CodeSniffer\Ruleset->populateTokenListeners() D:\work-dir\pdo-helper\vendor\squizlabs\php_codesniffer\src\Ruleset.php:218
[29-Sep-2022 15:44:31 Europe/Paris] PHP   7. PHP_CodeSniffer\Sniffs\AbstractPatternSniff->register() D:\work-dir\pdo-helper\vendor\squizlabs\php_codesniffer\src\Ruleset.php:1231
[29-Sep-2022 15:44:31 Europe/Paris] PHP   8. PHP_CodeSniffer\Sniffs\AbstractPatternSniff->parse($pattern = 'abstract function abc(...);') D:\work-dir\pdo-helper\vendor\squizlabs\php_codesniffer\src\Sniffs\AbstractPatternSniff.php:90
[29-Sep-2022 15:44:31 Europe/Paris] PHP   9. PHP_CodeSniffer\Sniffs\AbstractPatternSniff->createTokenPattern($str = '(') D:\work-dir\pdo-helper\vendor\squizlabs\php_codesniffer\src\Sniffs\AbstractPatternSniff.php:824
[29-Sep-2022 15:44:31 Europe/Paris] PHP  10. PHP_CodeSniffer\Tokenizers\Tokenizer->__construct($content = '<?php (?>', $config = NULL, $eolChar = *uninitialized*) D:\work-dir\pdo-helper\vendor\squizlabs\php_codesniffer\src\Sniffs\AbstractPatternSniff.php:916
[29-Sep-2022 15:44:31 Europe/Paris] PHP  11. PHP_CodeSniffer\Tokenizers\PHP->tokenize($string = '<?php (?>') D:\work-dir\pdo-helper\vendor\squizlabs\php_codesniffer\src\Tokenizers\Tokenizer.php:90
[29-Sep-2022 15:44:31 Europe/Paris] PHP  12. token_get_all($code = '<?php (?>') D:\work-dir\pdo-helper\vendor\squizlabs\php_codesniffer\src\Tokenizers\PHP.php:522
[29-Sep-2022 15:44:46 Europe/Paris] Xdebug: [Config] The setting 'xdebug.default_enable' has been renamed, see the upgrading guide at https://xdebug.org/docs/upgrade_guide#changed-xdebug.default_enable (See: https://xdebug.org/docs/errors#CFG-C-CHANGED)
[29-Sep-2022 15:44:46 Europe/Paris] Xdebug: [Config] The setting 'xdebug.remote_enable' has been renamed, see the upgrading guide at https://xdebug.org/docs/upgrade_guide#changed-xdebug.remote_enable (See: https://xdebug.org/docs/errors#CFG-C-CHANGED)
[29-Sep-2022 15:44:46 Europe/Paris] Xdebug: [Config] The setting 'xdebug.remote_autostart' has been renamed, see the upgrading guide at https://xdebug.org/docs/upgrade_guide#changed-xdebug.remote_autostart (See: https://xdebug.org/docs/errors#CFG-C-CHANGED)
[29-Sep-2022 15:44:46 Europe/Paris] Xdebug: [Config] The setting 'xdebug.remote_connect_back' has been renamed, see the upgrading guide at https://xdebug.org/docs/upgrade_guide#changed-xdebug.remote_connect_back (See: https://xdebug.org/docs/errors#CFG-C-CHANGED)
[29-Sep-2022 15:44:46 Europe/Paris] Xdebug: [Config] The setting 'xdebug.remote_port' has been renamed, see the upgrading guide at https://xdebug.org/docs/upgrade_guide#changed-xdebug.remote_port (See: https://xdebug.org/docs/errors#CFG-C-CHANGED)
[29-Sep-2022 15:44:47 Europe/Paris] Xdebug: [Config] The setting 'xdebug.default_enable' has been renamed, see the upgrading guide at https://xdebug.org/docs/upgrade_guide#changed-xdebug.default_enable (See: https://xdebug.org/docs/errors#CFG-C-CHANGED)
[29-Sep-2022 15:44:47 Europe/Paris] Xdebug: [Config] The setting 'xdebug.remote_enable' has been renamed, see the upgrading guide at https://xdebug.org/docs/upgrade_guide#changed-xdebug.remote_enable (See: https://xdebug.org/docs/errors#CFG-C-CHANGED)
[29-Sep-2022 15:44:47 Europe/Paris] Xdebug: [Config] The setting 'xdebug.remote_autostart' has been renamed, see the upgrading guide at https://xdebug.org/docs/upgrade_guide#changed-xdebug.remote_autostart (See: https://xdebug.org/docs/errors#CFG-C-CHANGED)
[29-Sep-2022 15:44:47 Europe/Paris] Xdebug: [Config] The setting 'xdebug.remote_connect_back' has been renamed, see the upgrading guide at https://xdebug.org/docs/upgrade_guide#changed-xdebug.remote_connect_back (See: https://xdebug.org/docs/errors#CFG-C-CHANGED)
[29-Sep-2022 15:44:47 Europe/Paris] Xdebug: [Config] The setting 'xdebug.remote_port' has been renamed, see the upgrading guide at https://xdebug.org/docs/upgrade_guide#changed-xdebug.remote_port (See: https://xdebug.org/docs/errors#CFG-C-CHANGED)
[29-Sep-2022 15:45:46 Europe/Paris] Xdebug: [Config] The setting 'xdebug.default_enable' has been renamed, see the upgrading guide at https://xdebug.org/docs/upgrade_guide#changed-xdebug.default_enable (See: https://xdebug.org/docs/errors#CFG-C-CHANGED)
[29-Sep-2022 15:45:46 Europe/Paris] Xdebug: [Config] The setting 'xdebug.remote_enable' has been renamed, see the upgrading guide at https://xdebug.org/docs/upgrade_guide#changed-xdebug.remote_enable (See: https://xdebug.org/docs/errors#CFG-C-CHANGED)
[29-Sep-2022 15:45:46 Europe/Paris] Xdebug: [Config] The setting 'xdebug.remote_autostart' has been renamed, see the upgrading guide at https://xdebug.org/docs/upgrade_guide#changed-xdebug.remote_autostart (See: https://xdebug.org/docs/errors#CFG-C-CHANGED)
[29-Sep-2022 15:45:46 Europe/Paris] Xdebug: [Config] The setting 'xdebug.remote_connect_back' has been renamed, see the upgrading guide at https://xdebug.org/docs/upgrade_guide#changed-xdebug.remote_connect_back (See: https://xdebug.org/docs/errors#CFG-C-CHANGED)
[29-Sep-2022 15:45:46 Europe/Paris] Xdebug: [Config] The setting 'xdebug.remote_port' has been renamed, see the upgrading guide at https://xdebug.org/docs/upgrade_guide#changed-xdebug.remote_port (See: https://xdebug.org/docs/errors#CFG-C-CHANGED)
[29-Sep-2022 15:45:46 Europe/Paris] Xdebug: [Config] The setting 'xdebug.default_enable' has been renamed, see the upgrading guide at https://xdebug.org/docs/upgrade_guide#changed-xdebug.default_enable (See: https://xdebug.org/docs/errors#CFG-C-CHANGED)
[29-Sep-2022 15:45:46 Europe/Paris] Xdebug: [Config] The setting 'xdebug.remote_enable' has been renamed, see the upgrading guide at https://xdebug.org/docs/upgrade_guide#changed-xdebug.remote_enable (See: https://xdebug.org/docs/errors#CFG-C-CHANGED)
[29-Sep-2022 15:45:46 Europe/Paris] Xdebug: [Config] The setting 'xdebug.remote_autostart' has been renamed, see the upgrading guide at https://xdebug.org/docs/upgrade_guide#changed-xdebug.remote_autostart (See: https://xdebug.org/docs/errors#CFG-C-CHANGED)
[29-Sep-2022 15:45:46 Europe/Paris] Xdebug: [Config] The setting 'xdebug.remote_connect_back' has been renamed, see the upgrading guide at https://xdebug.org/docs/upgrade_guide#changed-xdebug.remote_connect_back (See: https://xdebug.org/docs/errors#CFG-C-CHANGED)
[29-Sep-2022 15:45:46 Europe/Paris] Xdebug: [Config] The setting 'xdebug.remote_port' has been renamed, see the upgrading guide at https://xdebug.org/docs/upgrade_guide#changed-xdebug.remote_port (See: https://xdebug.org/docs/errors#CFG-C-CHANGED)
